<?xml version="1.0" encoding="utf-8"?><testsuites name="pytest tests"><testsuite name="pytest" errors="0" failures="0" skipped="0" tests="15" time="3.014" timestamp="2026-06-18T18:59:28.322134+00:00" hostname="agent-env-09acf16a-7ac0-4f4f-bdd8-550445b492cb"><testcase classname="backend.tests.test_active_sem_endpoint_consistency" name="test_courses_list_reports_lecture_count_for_closed_sem_course" time="0.552" /><testcase classname="backend.tests.test_active_sem_endpoint_consistency" name="test_course_full_details_lecture_count" time="0.161" /><testcase classname="backend.tests.test_active_sem_endpoint_consistency" name="test_course_lecture_stats_endpoint" time="0.128" /><testcase classname="backend.tests.test_active_sem_endpoint_consistency" name="test_lectures_by_course_endpoint" time="0.118" /><testcase classname="backend.tests.test_active_sem_endpoint_consistency" name="test_lectures_by_course_with_all_semesters_flag" time="0.109" /><testcase classname="backend.tests.test_active_sem_endpoint_consistency" name="test_four_endpoints_agree" time="0.531" /><testcase classname="backend.tests.test_active_sem_endpoint_consistency" name="test_teacher_courses_default_active_semester" time="0.109" /><testcase classname="backend.tests.test_active_sem_endpoint_consistency" name="test_teacher_full_profile_default_active_semester" time="0.133" /><testcase classname="backend.tests.test_active_sem_endpoint_consistency" name="test_teacher_courses_include_all" time="0.148" /><testcase classname="backend.tests.test_active_sem_endpoint_consistency" name="test_teacher_full_profile_all_semesters" time="0.109" /><testcase classname="backend.tests.test_active_sem_endpoint_consistency" name="test_teacher_courses_and_full_profile_agree_default" time="0.211" /><testcase classname="backend.tests.test_active_sem_endpoint_consistency" name="test_teacher_courses_and_full_profile_agree_all_semesters" time="0.243" /><testcase classname="backend.tests.test_active_sem_endpoint_consistency" name="test_courses_semester_id_filter_returns_lecture_count" time="0.128" /><testcase classname="backend.tests.test_active_sem_endpoint_consistency" name="test_courses_all_semesters_returns_lecture_count" time="0.112" /><testcase classname="backend.tests.test_active_sem_endpoint_consistency" name="test_teaching_load_report_advanced_smoke" time="0.136" /></testsuite></testsuites>