<?xml version="1.0" encoding="utf-8"?><testsuites name="pytest tests"><testsuite name="pytest" errors="0" failures="0" skipped="0" tests="8" time="2.831" timestamp="2026-07-04T13:17:30.559393+00:00" hostname="agent-env-09acf16a-7ac0-4f4f-bdd8-550445b492cb"><testcase classname="tests.test_alumni_department_snapshot" name="test_step2_bulk_graduate_stores_snapshot" time="0.715" /><testcase classname="tests.test_alumni_department_snapshot" name="test_step3_list_alumni_uses_snapshot_after_dept_change" time="0.289" /><testcase classname="tests.test_alumni_department_snapshot" name="test_step4_restore_returns_to_original_department" time="0.110" /><testcase classname="tests.test_alumni_department_snapshot" name="test_step5_backfill_snapshot_migration" time="0.865" /><testcase classname="tests.test_alumni_department_snapshot" name="test_step6_bulk_graduate_detailed_failures" time="0.138" /><testcase classname="tests.test_alumni_department_snapshot" name="test_step7_skipped_already_graduated" time="0.144" /><testcase classname="tests.test_alumni_department_snapshot" name="test_step8_idempotent_list_alumni" time="0.214" /><testcase classname="tests.test_alumni_department_snapshot" name="test_step9_single_graduate_stores_snapshot" time="0.143" /></testsuite></testsuites>