<?xml version="1.0" encoding="utf-8"?><testsuites name="pytest tests"><testsuite name="pytest" errors="0" failures="1" skipped="1" tests="24" time="4.030" timestamp="2026-05-30T12:47:57.944650+00:00" hostname="agent-env-09acf16a-7ac0-4f4f-bdd8-550445b492cb"><testcase classname="backend.tests.test_archive_reports.TestArchiveStudentReport" name="test_admin_404_for_nonexistent_archive" time="0.677" /><testcase classname="backend.tests.test_archive_reports.TestArchiveStudentReport" name="test_teacher_forbidden_403" time="0.516" /><testcase classname="backend.tests.test_archive_reports.TestArchiveStudentReport" name="test_unauthenticated_401" time="0.137" /><testcase classname="backend.tests.test_archive_reports.TestArchiveStudentReport" name="test_admin_existing_archive_student_404" time="0.096"><skipped type="pytest.skip" message="No archives exist in DB">/app/backend/tests/test_archive_reports.py:77: No archives exist in DB</skipped></testcase><testcase classname="backend.tests.test_archive_reports.TestArchiveStudentHistory" name="test_admin_200_empty_or_full" time="0.147" /><testcase classname="backend.tests.test_archive_reports.TestArchiveStudentHistory" name="test_teacher_403" time="0.138" /><testcase classname="backend.tests.test_archive_reports.TestArchiveTeacherReport" name="test_admin_404_for_nonexistent_archive" time="0.101" /><testcase classname="backend.tests.test_archive_reports.TestArchiveTeacherReport" name="test_teacher_403" time="0.101" /><testcase classname="backend.tests.test_archive_reports.TestArchiveTeacherHistory" name="test_admin_200_shape" time="0.100" /><testcase classname="backend.tests.test_archive_reports.TestArchiveTeacherHistory" name="test_teacher_403" time="0.137" /><testcase classname="backend.tests.test_archive_reports.TestArchiveCourseHistory" name="test_admin_200_shape" time="0.157" /><testcase classname="backend.tests.test_archive_reports.TestArchiveCourseHistory" name="test_case_insensitive_param" time="0.212" /><testcase classname="backend.tests.test_archive_reports.TestArchiveCourseHistory" name="test_teacher_403" time="0.109" /><testcase classname="backend.tests.test_archive_reports.TestArchivesRegression" name="test_list_archives" time="0.104" /><testcase classname="backend.tests.test_archive_reports.TestArchivesRegression" name="test_search_archives" time="0.100" /><testcase classname="backend.tests.test_archive_reports.TestArchivesRegression" name="test_archive_summary_404" time="0.119" /><testcase classname="backend.tests.test_archive_reports.TestArchivesRegression" name="test_archive_courses_404" time="0.128" /><testcase classname="backend.tests.test_archive_reports.TestArchivesRegression" name="test_archive_students_404" time="0.108" /><testcase classname="backend.tests.test_archive_reports.TestArchivesRegression" name="test_archive_teachers_404" time="0.105" /><testcase classname="backend.tests.test_archive_reports.TestMobileRegression" name="test_courses" time="0.133" /><testcase classname="backend.tests.test_archive_reports.TestMobileRegression" name="test_semesters" time="0.105" /><testcase classname="backend.tests.test_archive_reports.TestMobileRegression" name="test_teachers_list" time="0.108" /><testcase classname="backend.tests.test_archive_reports.TestRestoreEndpoint" name="test_restore_nonexistent_404" time="0.099"><failure message="AssertionError: Internal Server Error&#10;assert 500 in (400, 404)&#10; +  where 500 = &lt;Response [500]&gt;.status_code">backend/tests/test_archive_reports.py:236: in test_restore_nonexistent_404
    assert r.status_code in (400, 404), r.text
E   AssertionError: Internal Server Error
E   assert 500 in (400, 404)
E    +  where 500 = &lt;Response [500]&gt;.status_code</failure></testcase><testcase classname="backend.tests.test_archive_reports.TestRestoreEndpoint" name="test_restore_non_archived_400_or_404" time="0.224" /></testsuite></testsuites>