<?xml version="1.0" encoding="utf-8"?><testsuites name="pytest tests"><testsuite name="pytest" errors="0" failures="1" skipped="2" tests="20" time="3.895" timestamp="2026-05-30T10:03:16.899245+00:00" hostname="agent-env-09acf16a-7ac0-4f4f-bdd8-550445b492cb"><testcase classname="backend.tests.test_archives.TestArchiveList" name="test_list_archives_admin_200" time="0.628" /><testcase classname="backend.tests.test_archives.TestArchiveList" name="test_list_archives_teacher_403" time="0.426" /><testcase classname="backend.tests.test_archives.TestArchiveList" name="test_list_archives_unauthenticated_401" time="0.123" /><testcase classname="backend.tests.test_archives.TestArchiveSearch" name="test_search_admin_200" time="0.104" /><testcase classname="backend.tests.test_archives.TestArchiveSearch" name="test_search_teacher_403" time="0.119" /><testcase classname="backend.tests.test_archives.TestArchiveSearch" name="test_search_too_short_422" time="0.100" /><testcase classname="backend.tests.test_archives.TestArchiveSearch" name="test_search_with_type_filter" time="0.478" /><testcase classname="backend.tests.test_archives.TestArchiveDetail" name="test_summary_404" time="0.094" /><testcase classname="backend.tests.test_archives.TestArchiveDetail" name="test_courses_404" time="0.103" /><testcase classname="backend.tests.test_archives.TestArchiveDetail" name="test_students_404" time="0.102" /><testcase classname="backend.tests.test_archives.TestArchiveDetail" name="test_teachers_404" time="0.139" /><testcase classname="backend.tests.test_archives.TestArchiveDetail" name="test_summary_teacher_403" time="0.100" /><testcase classname="backend.tests.test_archives.TestArchiveDetail" name="test_existing_archive_shape" time="0.103"><skipped type="pytest.skip" message="No archived semesters present in DB to validate detail endpoints">/app/backend/tests/test_archives.py:122: No archived semesters present in DB to validate detail endpoints</skipped></testcase><testcase classname="backend.tests.test_archives.TestArchiveCreation" name="test_archive_active_semester_400" time="0.259" /><testcase classname="backend.tests.test_archives.TestArchiveCreation" name="test_archive_already_archived_400" time="0.098"><skipped type="pytest.skip" message="No ARCHIVED semester to test double-archive rejection">/app/backend/tests/test_archives.py:181: No ARCHIVED semester to test double-archive rejection</skipped></testcase><testcase classname="backend.tests.test_archives.TestArchiveCreation" name="test_archive_unauthorized_for_teacher" time="0.138" /><testcase classname="backend.tests.test_archives.TestMobileRegression" name="test_courses_list" time="0.121" /><testcase classname="backend.tests.test_archives.TestMobileRegression" name="test_teachers_me_as_teacher" time="0.104"><failure message="AssertionError: {&quot;detail&quot;:&quot;لم يتم العثور على سجل المعلم&quot;}&#10;assert 404 == 200&#10; +  where 404 = &lt;Response [404]&gt;.status_code">backend/tests/test_archives.py:201: in test_teachers_me_as_teacher
    assert r.status_code == 200, r.text
E   AssertionError: {"detail":"لم يتم العثور على سجل المعلم"}
E   assert 404 == 200
E    +  where 404 = &lt;Response [404]&gt;.status_code</failure></testcase><testcase classname="backend.tests.test_archives.TestMobileRegression" name="test_teacher_full_profile" time="0.210" /><testcase classname="backend.tests.test_archives.TestMobileRegression" name="test_course_full_details" time="0.273" /></testsuite></testsuites>