<?xml version="1.0" encoding="utf-8"?><testsuites name="pytest tests"><testsuite name="pytest" errors="0" failures="0" skipped="1" tests="11" time="3.612" timestamp="2026-03-06T22:56:07.387507+00:00" hostname="agent-env-1f9f4ca7-e394-4400-a2a2-c89734daeafc"><testcase classname="backend.tests.test_backend_apis.TestAuthentication" name="test_admin_login_success" time="0.493" /><testcase classname="backend.tests.test_backend_apis.TestAuthentication" name="test_teacher_login_success" time="0.341" /><testcase classname="backend.tests.test_backend_apis.TestAuthentication" name="test_student_login_success" time="0.379"><skipped type="pytest.skip" message="Student credentials not valid: 401">/app/backend/tests/test_backend_apis.py:66: Student credentials not valid: 401</skipped></testcase><testcase classname="backend.tests.test_backend_apis.TestAuthentication" name="test_login_invalid_credentials" time="0.110" /><testcase classname="backend.tests.test_backend_apis.TestStudentsAPI" name="test_get_students_authenticated" time="0.506" /><testcase classname="backend.tests.test_backend_apis.TestStudentsAPI" name="test_get_students_unauthenticated" time="0.140" /><testcase classname="backend.tests.test_backend_apis.TestTeachersAPI" name="test_get_teachers_authenticated" time="0.462" /><testcase classname="backend.tests.test_backend_apis.TestTeachersAPI" name="test_get_teachers_unauthenticated" time="0.131" /><testcase classname="backend.tests.test_backend_apis.TestDepartmentsAPI" name="test_get_departments_authenticated" time="0.434" /><testcase classname="backend.tests.test_backend_apis.TestHealthEndpoint" name="test_health_check" time="0.107" /><testcase classname="backend.tests.test_backend_apis.TestReportsAPI" name="test_get_reports_summary" time="0.443" /></testsuite></testsuites>