<?xml version="1.0" encoding="utf-8"?><testsuites name="pytest tests"><testsuite name="pytest" errors="0" failures="0" skipped="0" tests="10" time="3.223" timestamp="2026-03-12T16:20:12.096879+00:00" hostname="agent-env-5f24cecf-6dc5-48e5-ac80-89bef21ad971"><testcase classname="tests.test_bugfixes_verification.TestAdminLogin" name="test_admin_login_success" time="0.450" /><testcase classname="tests.test_bugfixes_verification.TestLectureTimeValidation" name="test_create_lecture_invalid_time_should_fail" time="0.512" /><testcase classname="tests.test_bugfixes_verification.TestLectureTimeValidation" name="test_create_lecture_valid_time_structure" time="0.129" /><testcase classname="tests.test_bugfixes_verification.TestExcelImportPreview" name="test_import_preview_endpoint_exists" time="0.560" /><testcase classname="tests.test_bugfixes_verification.TestExcelImportPreview" name="test_import_endpoint_exists" time="0.160" /><testcase classname="tests.test_bugfixes_verification.TestReportEndpoints" name="test_daily_report_endpoint" time="0.494" /><testcase classname="tests.test_bugfixes_verification.TestReportEndpoints" name="test_reports_summary_endpoint" time="0.130" /><testcase classname="tests.test_bugfixes_verification.TestReportEndpoints" name="test_teacher_delays_report" time="0.148" /><testcase classname="tests.test_bugfixes_verification.TestReportEndpoints" name="test_warnings_report" time="0.113" /><testcase classname="tests.test_bugfixes_verification.TestTeacherRolePermissions" name="test_get_teacher_role_permissions" time="0.465" /></testsuite></testsuites>