<?xml version="1.0" encoding="utf-8"?><testsuites name="pytest tests"><testsuite name="pytest" errors="0" failures="0" skipped="0" tests="6" time="2.143" timestamp="2026-05-31T19:40:44.619732+00:00" hostname="agent-env-09acf16a-7ac0-4f4f-bdd8-550445b492cb"><testcase classname="backend.tests.test_clone_section.TestCloneSection" name="test_get_sections_initial" time="0.778" /><testcase classname="backend.tests.test_clone_section.TestCloneSection" name="test_clone_empty_section_rejected" time="0.138" /><testcase classname="backend.tests.test_clone_section.TestCloneSection" name="test_clone_too_long_section_rejected" time="0.113" /><testcase classname="backend.tests.test_clone_section.TestCloneSection" name="test_clone_success_section_zay" time="0.343" /><testcase classname="backend.tests.test_clone_section.TestCloneSection" name="test_clone_duplicate_section_rejected" time="0.133" /><testcase classname="backend.tests.test_clone_section.TestCloneSection" name="test_clone_rbac_teacher_forbidden" time="0.578" /></testsuite></testsuites>