<?xml version="1.0" encoding="utf-8"?><testsuites name="pytest tests"><testsuite name="pytest" errors="0" failures="0" skipped="0" tests="9" time="3.192" timestamp="2026-04-07T19:49:15.230380+00:00" hostname="agent-env-09acf16a-7ac0-4f4f-bdd8-550445b492cb"><testcase classname="backend.tests.test_courses_workload.TestAuth" name="test_login_success" time="0.530" /><testcase classname="backend.tests.test_courses_workload.TestCoursesAPI" name="test_get_all_courses" time="0.501" /><testcase classname="backend.tests.test_courses_workload.TestCoursesAPI" name="test_courses_require_auth" time="0.126" /><testcase classname="backend.tests.test_courses_workload.TestDepartmentsAPI" name="test_get_all_departments" time="0.551" /><testcase classname="backend.tests.test_courses_workload.TestTeacherWorkloadAPI" name="test_workload_report_no_params" time="0.508" /><testcase classname="backend.tests.test_courses_workload.TestTeacherWorkloadAPI" name="test_workload_report_with_date_params" time="0.109" /><testcase classname="backend.tests.test_courses_workload.TestTeacherWorkloadAPI" name="test_workload_report_teacher_structure" time="0.179" /><testcase classname="backend.tests.test_courses_workload.TestTeacherWorkloadAPI" name="test_workload_report_requires_auth" time="0.134" /><testcase classname="backend.tests.test_courses_workload.TestTeachersAPI" name="test_get_all_teachers" time="0.489" /></testsuite></testsuites>