<?xml version="1.0" encoding="utf-8"?><testsuites name="pytest tests"><testsuite name="pytest" errors="0" failures="0" skipped="0" tests="3" time="1.931" timestamp="2026-06-28T23:57:37.901055+00:00" hostname="agent-env-09acf16a-7ac0-4f4f-bdd8-550445b492cb"><testcase classname="backend.tests.test_curriculum_propagation.TestPropagation" name="test_response_includes_updated_field" time="1.111" /><testcase classname="backend.tests.test_curriculum_propagation.TestPropagation" name="test_no_diff_is_skipped_not_updated" time="0.101" /><testcase classname="backend.tests.test_curriculum_propagation.TestPropagation" name="test_credit_hours_change_propagates_to_course_and_teaching_load" time="0.659" /></testsuite></testsuites>