<?xml version="1.0" encoding="utf-8"?><testsuites name="pytest tests"><testsuite name="pytest" errors="0" failures="0" skipped="0" tests="9" time="2.451" timestamp="2026-06-25T12:21:29.426948+00:00" hostname="agent-env-09acf16a-7ac0-4f4f-bdd8-550445b492cb"><testcase classname="backend.tests.test_curriculum_export" name="test_export_xlsx_all" time="0.743" /><testcase classname="backend.tests.test_curriculum_export" name="test_export_pdf_all" time="0.237" /><testcase classname="backend.tests.test_curriculum_export" name="test_export_xlsx_level1_differs_from_all" time="0.119" /><testcase classname="backend.tests.test_curriculum_export" name="test_export_pdf_level1_term2_smaller_than_all" time="0.174" /><testcase classname="backend.tests.test_curriculum_export" name="test_export_empty_filter_level99_still_valid" time="0.270" /><testcase classname="backend.tests.test_curriculum_export" name="test_export_invalid_department_id_returns_400" time="0.112" /><testcase classname="backend.tests.test_curriculum_export" name="test_export_nonexistent_department_returns_404" time="0.105" /><testcase classname="backend.tests.test_curriculum_export" name="test_export_permission_denied_for_student" time="0.522" /><testcase classname="backend.tests.test_curriculum_export" name="test_export_no_auth_unauthorized" time="0.101" /></testsuite></testsuites>