<?xml version="1.0" encoding="utf-8"?><testsuites name="pytest tests"><testsuite name="pytest" errors="0" failures="0" skipped="0" tests="19" time="4.426" timestamp="2026-05-30T19:49:17.620062+00:00" hostname="agent-env-09acf16a-7ac0-4f4f-bdd8-550445b492cb"><testcase classname="backend.tests.test_curriculum.TestCurriculumList" name="test_list_curriculum_courses" time="0.574" /><testcase classname="backend.tests.test_curriculum.TestCurriculumList" name="test_list_with_filters" time="0.113" /><testcase classname="backend.tests.test_curriculum.TestCurriculumList" name="test_list_assignments" time="0.116" /><testcase classname="backend.tests.test_curriculum.TestRBAC" name="test_teacher_cannot_create_curriculum" time="0.538" /><testcase classname="backend.tests.test_curriculum.TestRBAC" name="test_teacher_cannot_create_assignment" time="0.109" /><testcase classname="backend.tests.test_curriculum.TestRBAC" name="test_teacher_cannot_backfill" time="0.104" /><testcase classname="backend.tests.test_curriculum.TestRBAC" name="test_teacher_can_list_assignments" time="0.145" /><testcase classname="backend.tests.test_curriculum.TestCurriculumCRUD" name="test_create_curriculum" time="0.250" /><testcase classname="backend.tests.test_curriculum.TestCurriculumCRUD" name="test_get_curriculum_details" time="0.124" /><testcase classname="backend.tests.test_curriculum.TestCurriculumCRUD" name="test_duplicate_code_conflict" time="0.157" /><testcase classname="backend.tests.test_curriculum.TestCurriculumCRUD" name="test_update_curriculum" time="0.222" /><testcase classname="backend.tests.test_curriculum.TestCurriculumCRUD" name="test_assignment_lifecycle" time="0.508" /><testcase classname="backend.tests.test_curriculum.TestCurriculumCRUD" name="test_soft_delete_curriculum" time="0.241" /><testcase classname="backend.tests.test_curriculum.TestByDepartment" name="test_grid_shape" time="0.225" /><testcase classname="backend.tests.test_curriculum.TestByDepartment" name="test_invalid_department_id" time="0.113" /><testcase classname="backend.tests.test_curriculum.TestBackfillAndGenerate" name="test_backfill_idempotent" time="0.314" /><testcase classname="backend.tests.test_curriculum.TestBackfillAndGenerate" name="test_generate_offerings_invalid_semester" time="0.123" /><testcase classname="backend.tests.test_curriculum.TestBackfillAndGenerate" name="test_generate_offerings_skip_existing" time="0.238" /><testcase classname="backend.tests.test_curriculum.TestImportArchive" name="test_import_nonexistent_archive" time="0.120" /></testsuite></testsuites>