<?xml version="1.0" encoding="utf-8"?><testsuites name="pytest tests"><testsuite name="pytest" errors="0" failures="0" skipped="0" tests="9" time="5.265" timestamp="2026-09-23T14:24:05.027048+00:00" hostname="agent-env-09acf16a-7ac0-4f4f-bdd8-550445b492cb"><testcase classname="backend.tests.test_day_shift" name="test_permission_key_in_list" time="0.602" /><testcase classname="backend.tests.test_day_shift" name="test_preview_ok" time="0.908" /><testcase classname="backend.tests.test_day_shift" name="test_apply_and_verify" time="0.493" /><testcase classname="backend.tests.test_day_shift" name="test_revert" time="0.391" /><testcase classname="backend.tests.test_day_shift" name="test_errors" time="0.732" /><testcase classname="backend.tests.test_day_shift" name="test_apply_no_lectures" time="0.144" /><testcase classname="backend.tests.test_day_shift" name="test_permissions_denied" time="1.053" /><testcase classname="backend.tests.test_day_shift" name="test_offset_minutes_variant" time="0.155" /><testcase classname="backend.tests.test_day_shift" name="test_range_skips_empty_days" time="0.718" /></testsuite></testsuites>