<?xml version="1.0" encoding="utf-8"?><testsuites name="pytest tests"><testsuite name="pytest" errors="0" failures="0" skipped="0" tests="8" time="5.515" timestamp="2026-03-07T00:01:00.495633+00:00" hostname="agent-env-1f9f4ca7-e394-4400-a2a2-c89734daeafc"><testcase classname="backend.tests.test_delete_endpoints.TestDepartmentDelete" name="test_get_department_stats" time="0.597" /><testcase classname="backend.tests.test_delete_endpoints.TestDepartmentDelete" name="test_delete_department_with_students_fails" time="0.601" /><testcase classname="backend.tests.test_delete_endpoints.TestDepartmentDelete" name="test_delete_department_with_courses_fails" time="0.596" /><testcase classname="backend.tests.test_delete_endpoints.TestDepartmentDelete" name="test_create_and_delete_empty_department" time="0.804" /><testcase classname="backend.tests.test_delete_endpoints.TestCourseDelete" name="test_get_courses_with_enrollment_status" time="0.462" /><testcase classname="backend.tests.test_delete_endpoints.TestCourseDelete" name="test_delete_course_with_enrollments_fails" time="0.931" /><testcase classname="backend.tests.test_delete_endpoints.TestCourseDelete" name="test_create_and_delete_empty_course" time="0.879" /><testcase classname="backend.tests.test_delete_endpoints.TestDepartmentDetails" name="test_get_department_details" time="0.578" /></testsuite></testsuites>