<?xml version="1.0" encoding="utf-8"?><testsuites name="pytest tests"><testsuite name="pytest" errors="0" failures="0" skipped="0" tests="9" time="3.961" timestamp="2026-04-06T18:39:24.368618+00:00" hostname="agent-env-09acf16a-7ac0-4f4f-bdd8-550445b492cb"><testcase classname="tests.test_dept_head_attendance.TestDeptHeadLogin" name="test_dept_head_login_returns_edit_attendance_permission" time="0.386" /><testcase classname="tests.test_dept_head_attendance.TestDeptHeadLogin" name="test_dept_head_me_endpoint_returns_expanded_permissions" time="0.463" /><testcase classname="tests.test_dept_head_attendance.TestAttendanceAPIWithExpiredWindow" name="test_get_lecture_details" time="0.471" /><testcase classname="tests.test_dept_head_attendance.TestAttendanceAPIWithExpiredWindow" name="test_get_enrolled_students" time="0.438" /><testcase classname="tests.test_dept_head_attendance.TestAttendanceAPIWithExpiredWindow" name="test_save_attendance_with_expired_window" time="0.596" /><testcase classname="tests.test_dept_head_attendance.TestAttendanceAPIWithExpiredWindow" name="test_attendance_status_shows_can_edit" time="0.441" /><testcase classname="tests.test_dept_head_attendance.TestAdminDashboard" name="test_admin_login_success" time="0.328" /><testcase classname="tests.test_dept_head_attendance.TestAdminDashboard" name="test_admin_dashboard_summary" time="0.441" /><testcase classname="tests.test_dept_head_attendance.TestPermissionExpansion" name="test_manage_attendance_expands_to_edit_attendance" time="0.336" /></testsuite></testsuites>