<?xml version="1.0" encoding="utf-8"?><testsuites name="pytest tests"><testsuite name="pytest" errors="0" failures="0" skipped="0" tests="18" time="3.040" timestamp="2026-05-29T00:50:26.790920+00:00" hostname="agent-env-09acf16a-7ac0-4f4f-bdd8-550445b492cb"><testcase classname="backend.tests.test_entity_details.TestTeacherFullProfile" name="test_success" time="0.581" /><testcase classname="backend.tests.test_entity_details.TestTeacherFullProfile" name="test_404" time="0.145" /><testcase classname="backend.tests.test_entity_details.TestTeacherFullProfile" name="test_400_invalid" time="0.112" /><testcase classname="backend.tests.test_entity_details.TestCourseFullDetails" name="test_success" time="0.198" /><testcase classname="backend.tests.test_entity_details.TestCourseFullDetails" name="test_404" time="0.107" /><testcase classname="backend.tests.test_entity_details.TestCourseFullDetails" name="test_400_invalid" time="0.117" /><testcase classname="backend.tests.test_entity_details.TestDepartmentSummary" name="test_success" time="0.115" /><testcase classname="backend.tests.test_entity_details.TestDepartmentSummary" name="test_404" time="0.109" /><testcase classname="backend.tests.test_entity_details.TestDepartmentSummary" name="test_400_invalid" time="0.108" /><testcase classname="backend.tests.test_entity_details.TestFacultySummary" name="test_success" time="0.118" /><testcase classname="backend.tests.test_entity_details.TestFacultySummary" name="test_404" time="0.112" /><testcase classname="backend.tests.test_entity_details.TestFacultySummary" name="test_400_invalid" time="0.124" /><testcase classname="backend.tests.test_entity_details.TestGlobalSearchRoutes" name="test_course_route_points_to_course_details" time="0.118" /><testcase classname="backend.tests.test_entity_details.TestGlobalSearchRoutes" name="test_teacher_route" time="0.112" /><testcase classname="backend.tests.test_entity_details.TestGlobalSearchRoutes" name="test_department_route" time="0.110" /><testcase classname="backend.tests.test_entity_details.TestGlobalSearchRoutes" name="test_faculty_route" time="0.110" /><testcase classname="backend.tests.test_entity_details.TestMobileRegression" name="test_courses_list" time="0.123" /><testcase classname="backend.tests.test_entity_details.TestMobileRegression" name="test_teachers_me_with_teacher_token" time="0.443" /></testsuite></testsuites>