<?xml version="1.0" encoding="utf-8"?><testsuites name="pytest tests"><testsuite name="pytest" errors="0" failures="0" skipped="0" tests="5" time="3.590" timestamp="2026-06-23T22:16:07.898144+00:00" hostname="agent-env-09acf16a-7ac0-4f4f-bdd8-550445b492cb"><testcase classname="backend.tests.test_global_search_active_semester.TestGlobalSearchActiveSemester" name="test_admin_course_search_returns_only_active_semester" time="0.806" /><testcase classname="backend.tests.test_global_search_active_semester.TestGlobalSearchActiveSemester" name="test_admin_search_with_generic_query_filters_by_active_semester" time="1.133" /><testcase classname="backend.tests.test_global_search_active_semester.TestGlobalSearchActiveSemester" name="test_search_other_types_still_work" time="0.549" /><testcase classname="backend.tests.test_global_search_active_semester.TestGlobalSearchActiveSemester" name="test_dean_course_search_scoped_and_active_semester" time="0.828" /><testcase classname="backend.tests.test_global_search_active_semester.TestGlobalSearchActiveSemester" name="test_lecture_search_scoped_to_active_semester_courses" time="0.225" /></testsuite></testsuites>