<?xml version="1.0" encoding="utf-8"?><testsuites name="pytest tests"><testsuite name="pytest" errors="0" failures="0" skipped="0" tests="8" time="3.520" timestamp="2026-09-26T13:59:02.186276+00:00" hostname="agent-env-09acf16a-7ac0-4f4f-bdd8-550445b492cb"><testcase classname="backend.tests.test_hr_dashboard" name="test_permissions_include_dashboard_hr" time="0.792" /><testcase classname="backend.tests.test_hr_dashboard" name="test_admin_dashboard_hr_structure[week]" time="0.162" /><testcase classname="backend.tests.test_hr_dashboard" name="test_admin_dashboard_hr_structure[month]" time="0.148" /><testcase classname="backend.tests.test_hr_dashboard" name="test_admin_dashboard_hr_structure[day]" time="0.152" /><testcase classname="backend.tests.test_hr_dashboard" name="test_dean_no_hr_section" time="0.502" /><testcase classname="backend.tests.test_hr_dashboard" name="test_department_head_no_hr_section" time="0.485" /><testcase classname="backend.tests.test_hr_dashboard" name="test_export_excel_contains_hr_sheets" time="0.455" /><testcase classname="backend.tests.test_hr_dashboard" name="test_export_pdf" time="0.761" /></testsuite></testsuites>