<?xml version="1.0" encoding="utf-8"?><testsuites name="pytest tests"><testsuite name="pytest" errors="0" failures="1" skipped="0" tests="19" time="8.773" timestamp="2026-09-23T18:43:15.347040+00:00" hostname="agent-env-09acf16a-7ac0-4f4f-bdd8-550445b492cb"><testcase classname="backend.tests.test_hr_phase2.TestLeavesAdmin" name="test_meta" time="0.735" /><testcase classname="backend.tests.test_hr_phase2.TestLeavesAdmin" name="test_list_with_stats" time="0.217" /><testcase classname="backend.tests.test_hr_phase2.TestLeavesAdmin" name="test_balances_and_override" time="0.294" /><testcase classname="backend.tests.test_hr_phase2.TestLeavesAdmin" name="test_register_leave_bad_dates" time="0.149" /><testcase classname="backend.tests.test_hr_phase2.TestLeavesAdmin" name="test_register_leave_and_get" time="0.530" /><testcase classname="backend.tests.test_hr_phase2.TestLeavesApprovalChain" name="test_flow" time="1.880" /><testcase classname="backend.tests.test_hr_phase2.TestLeavesApprovalChain" name="test_reject_and_cancel" time="0.623" /><testcase classname="backend.tests.test_hr_phase2.TestAttendance" name="test_settings_get_put" time="0.257" /><testcase classname="backend.tests.test_hr_phase2.TestAttendance" name="test_daily_and_mark" time="0.489" /><testcase classname="backend.tests.test_hr_phase2.TestAttendance" name="test_future_date_400" time="0.178" /><testcase classname="backend.tests.test_hr_phase2.TestAttendance" name="test_monthly_and_export" time="0.390"><failure message="assert 500 == 200&#10; +  where 500 = &lt;Response [500]&gt;.status_code">backend/tests/test_hr_phase2.py:178: in test_monthly_and_export
    assert e.status_code == 200
E   assert 500 == 200
E    +  where 500 = &lt;Response [500]&gt;.status_code</failure></testcase><testcase classname="backend.tests.test_hr_phase2.TestAttendance" name="test_self_service_checkin" time="0.659" /><testcase classname="backend.tests.test_hr_phase2.TestAttendance" name="test_delete_record" time="0.295" /><testcase classname="backend.tests.test_hr_phase2.TestCorrespondence" name="test_meta" time="0.147" /><testcase classname="backend.tests.test_hr_phase2.TestCorrespondence" name="test_create_and_ref" time="0.288" /><testcase classname="backend.tests.test_hr_phase2.TestCorrespondence" name="test_list_filter" time="0.140" /><testcase classname="backend.tests.test_hr_phase2.TestCorrespondence" name="test_get_update_status" time="0.450" /><testcase classname="backend.tests.test_hr_phase2.TestCorrespondence" name="test_delete_only_draft" time="0.460" /><testcase classname="backend.tests.test_hr_phase2.TestCorrespondence" name="test_my_and_ack" time="0.518" /></testsuite></testsuites>