<?xml version="1.0" encoding="utf-8"?><testsuites name="pytest tests"><testsuite name="pytest" errors="0" failures="2" skipped="0" tests="27" time="9.282" timestamp="2026-09-23T20:03:35.625427+00:00" hostname="agent-env-09acf16a-7ac0-4f4f-bdd8-550445b492cb"><testcase classname="backend.tests.test_hr_phase4.TestDocumentsMeta" name="test_meta" time="0.775" /><testcase classname="backend.tests.test_hr_phase4.TestDocumentUpload" name="test_upload_wrong_content_type" time="0.203" /><testcase classname="backend.tests.test_hr_phase4.TestDocumentUpload" name="test_upload_bad_type" time="0.134" /><testcase classname="backend.tests.test_hr_phase4.TestDocumentUpload" name="test_upload_as_emp100_forbidden" time="0.589" /><testcase classname="backend.tests.test_hr_phase4.TestDocumentUpload" name="test_upload_success_expiry_soon" time="0.453" /><testcase classname="backend.tests.test_hr_phase4.TestDocumentList" name="test_list_admin" time="0.192" /><testcase classname="backend.tests.test_hr_phase4.TestDocumentList" name="test_list_own_emp100" time="0.201" /><testcase classname="backend.tests.test_hr_phase4.TestDocumentList" name="test_list_other_emp100" time="0.144" /><testcase classname="backend.tests.test_hr_phase4.TestDocumentList" name="test_my" time="0.226" /><testcase classname="backend.tests.test_hr_phase4.TestDocumentFile" name="test_download" time="0.487" /><testcase classname="backend.tests.test_hr_phase4.TestDocumentFile" name="test_update_meta" time="0.169" /><testcase classname="backend.tests.test_hr_phase4.TestDocumentFile" name="test_expiring" time="0.126"><failure message="AssertionError: assert '6ab43099e70d7e6e5b78fcf0' in ['6ab42ee7efb8b139d9e771c8']&#10; +  where '6ab43099e70d7e6e5b78fcf0' = TestDocumentUpload.upload_id">backend/tests/test_hr_phase4.py:141: in test_expiring
    assert TestDocumentUpload.upload_id in ids
E   AssertionError: assert '6ab43099e70d7e6e5b78fcf0' in ['6ab42ee7efb8b139d9e771c8']
E    +  where '6ab43099e70d7e6e5b78fcf0' = TestDocumentUpload.upload_id</failure></testcase><testcase classname="backend.tests.test_hr_phase4.TestDocumentFile" name="test_alerts_daily" time="0.139" /><testcase classname="backend.tests.test_hr_phase4.TestDocumentFile" name="test_alerts_weekly" time="0.476" /><testcase classname="backend.tests.test_hr_phase4.TestDocumentFile" name="test_delete" time="0.327" /><testcase classname="backend.tests.test_hr_phase4.TestAppraisalPDF" name="test_admin_pdf" time="0.368" /><testcase classname="backend.tests.test_hr_phase4.TestAppraisalPDF" name="test_emp100_pdf" time="0.306" /><testcase classname="backend.tests.test_hr_phase4.TestAppraisalPDF" name="test_emp200_pdf" time="0.706" /><testcase classname="backend.tests.test_hr_phase4.TestAppraisalPDF" name="test_draft_pdf_400" time="0.557" /><testcase classname="backend.tests.test_hr_phase4.TestPublicVerify" name="test_invalid_token_no_auth" time="0.163" /><testcase classname="backend.tests.test_hr_phase4.TestPublicVerify" name="test_real_token_no_auth" time="0.629" /><testcase classname="backend.tests.test_hr_phase4.TestAnnualReport" name="test_annual_admin" time="0.254" /><testcase classname="backend.tests.test_hr_phase4.TestAnnualReport" name="test_annual_unit_filter" time="0.198"><failure message="assert []">backend/tests/test_hr_phase4.py:253: in test_annual_unit_filter
    assert items
E   assert []</failure></testcase><testcase classname="backend.tests.test_hr_phase4.TestAnnualReport" name="test_annual_emp100_forbidden" time="0.205" /><testcase classname="backend.tests.test_hr_phase4.TestAnnualReport" name="test_export_pdf" time="0.412" /><testcase classname="backend.tests.test_hr_phase4.TestAnnualReport" name="test_export_xlsx" time="0.554" /><testcase classname="backend.tests.test_hr_phase4.TestReuploadForFE" name="test_ensure_existing_doc" time="0.174" /></testsuite></testsuites>