<?xml version="1.0" encoding="utf-8"?><testsuites name="pytest tests"><testsuite name="pytest" errors="0" failures="0" skipped="0" tests="37" time="9.075" timestamp="2026-09-23T19:06:54.088527+00:00" hostname="agent-env-09acf16a-7ac0-4f4f-bdd8-550445b492cb"><testcase classname="backend.tests.test_hr_phase3.TestTasks" name="test_meta" time="0.714" /><testcase classname="backend.tests.test_hr_phase3.TestTasks" name="test_assignable_admin" time="0.115" /><testcase classname="backend.tests.test_hr_phase3.TestTasks" name="test_assignable_emp200_team" time="0.507" /><testcase classname="backend.tests.test_hr_phase3.TestTasks" name="test_assignable_emp100_empty" time="0.652" /><testcase classname="backend.tests.test_hr_phase3.TestTasks" name="test_create_emp200_to_emp100_ok" time="0.139" /><testcase classname="backend.tests.test_hr_phase3.TestTasks" name="test_create_emp100_to_emp200_forbidden" time="0.138" /><testcase classname="backend.tests.test_hr_phase3.TestTasks" name="test_invalid_priority" time="0.148" /><testcase classname="backend.tests.test_hr_phase3.TestTasks" name="test_list_mine_emp100" time="0.159" /><testcase classname="backend.tests.test_hr_phase3.TestTasks" name="test_list_team_emp200" time="0.153" /><testcase classname="backend.tests.test_hr_phase3.TestTasks" name="test_list_assigned_emp200" time="0.146" /><testcase classname="backend.tests.test_hr_phase3.TestTasks" name="test_list_all_admin" time="0.144" /><testcase classname="backend.tests.test_hr_phase3.TestTasks" name="test_progress_50_emp100" time="0.129" /><testcase classname="backend.tests.test_hr_phase3.TestTasks" name="test_progress_done_emp100" time="0.268" /><testcase classname="backend.tests.test_hr_phase3.TestTasks" name="test_emp100_cannot_cancel" time="0.483" /><testcase classname="backend.tests.test_hr_phase3.TestTasks" name="test_delete_rules" time="0.810" /><testcase classname="backend.tests.test_hr_phase3.TestAppraisals" name="test_meta" time="0.159" /><testcase classname="backend.tests.test_hr_phase3.TestAppraisals" name="test_metrics_emp200" time="0.176" /><testcase classname="backend.tests.test_hr_phase3.TestAppraisals" name="test_metrics_emp100_forbidden" time="0.186" /><testcase classname="backend.tests.test_hr_phase3.TestAppraisals" name="test_create_returns_existing" time="0.160" /><testcase classname="backend.tests.test_hr_phase3.TestAppraisals" name="test_put_scores_all_5" time="0.174" /><testcase classname="backend.tests.test_hr_phase3.TestAppraisals" name="test_put_invalid_score" time="0.134" /><testcase classname="backend.tests.test_hr_phase3.TestAppraisals" name="test_emp100_get_draft_forbidden" time="0.153" /><testcase classname="backend.tests.test_hr_phase3.TestAppraisals" name="test_submit_by_emp200" time="0.510" /><testcase classname="backend.tests.test_hr_phase3.TestAppraisals" name="test_put_after_submit_400" time="0.144" /><testcase classname="backend.tests.test_hr_phase3.TestAppraisals" name="test_return_by_admin" time="0.199" /><testcase classname="backend.tests.test_hr_phase3.TestAppraisals" name="test_resubmit_and_approve" time="0.392" /><testcase classname="backend.tests.test_hr_phase3.TestAppraisals" name="test_emp100_my_shows_approved" time="0.165" /><testcase classname="backend.tests.test_hr_phase3.TestAppraisals" name="test_acknowledge_by_emp100" time="0.271" /><testcase classname="backend.tests.test_hr_phase3.TestAppraisals" name="test_acknowledge_by_emp200_forbidden" time="0.151" /><testcase classname="backend.tests.test_hr_phase3.TestAppraisals" name="test_overview_all_admin" time="0.152" /><testcase classname="backend.tests.test_hr_phase3.TestAppraisals" name="test_overview_team_emp200" time="0.144" /><testcase classname="backend.tests.test_hr_phase3.TestDashboardAlerts" name="test_management_dashboard_hr" time="0.176" /><testcase classname="backend.tests.test_hr_phase3.TestDashboardAlerts" name="test_alerts_summary_admin" time="0.181" /><testcase classname="backend.tests.test_hr_phase3.TestDashboardAlerts" name="test_alerts_summary_emp100_forbidden" time="0.147" /><testcase classname="backend.tests.test_hr_phase3.TestDashboardAlerts" name="test_run_now_daily" time="0.121" /><testcase classname="backend.tests.test_hr_phase3.TestDashboardAlerts" name="test_run_now_weekly" time="0.231" /><testcase classname="backend.tests.test_hr_phase3.TestDashboardAlerts" name="test_run_now_emp100_forbidden" time="0.144" /></testsuite></testsuites>