<?xml version="1.0" encoding="utf-8"?><testsuites name="pytest tests"><testsuite name="pytest" errors="0" failures="0" skipped="1" tests="4" time="1.202" timestamp="2026-06-23T23:11:17.787991+00:00" hostname="agent-env-09acf16a-7ac0-4f4f-bdd8-550445b492cb"><testcase classname="test_student_courses_explicit" name="test_student_with_active_enrollment_returns_explicit_courses" time="0.674" /><testcase classname="test_student_courses_explicit" name="test_student_without_enrollments_returns_empty" time="0.038"><skipped type="pytest.skip" message="No student without enrollments found in DB">/app/backend/tests/test_student_courses_explicit.py:80: No student without enrollments found in DB</skipped></testcase><testcase classname="test_student_courses_explicit" name="test_student_with_only_inactive_enrollments_returns_empty" time="0.162" /><testcase classname="test_student_courses_explicit" name="test_course_enrollments_returns_students" time="0.151" /></testsuite></testsuites>