<?xml version="1.0" encoding="utf-8"?><testsuites name="pytest tests"><testsuite name="pytest" errors="0" failures="0" skipped="1" tests="8" time="2.467" timestamp="2026-06-26T12:56:42.598684+00:00" hostname="agent-env-09acf16a-7ac0-4f4f-bdd8-550445b492cb"><testcase classname="backend.tests.test_curriculum_pdf_portrait" name="test_pdf_export_returns_valid_pdf" time="0.758" /><testcase classname="backend.tests.test_curriculum_pdf_portrait" name="test_pdf_is_portrait_a4" time="0.207" /><testcase classname="backend.tests.test_curriculum_pdf_portrait" name="test_section_headers_not_orphaned" time="0.213"><skipped type="pytest.skip" message="Could not locate section labels in extracted PDF text (arabic shaping). Portrait + valid PDF asserted; visual KeepTogether not provable from text extract.">/app/backend/tests/test_curriculum_pdf_portrait.py:101: Could not locate section labels in extracted PDF text (arabic shaping). Portrait + valid PDF asserted; visual KeepTogether not provable from text extract.</skipped></testcase><testcase classname="backend.tests.test_curriculum_pdf_portrait" name="test_excel_export_works" time="0.191" /><testcase classname="backend.tests.test_curriculum_pdf_portrait" name="test_student_forbidden" time="0.470" /><testcase classname="backend.tests.test_curriculum_pdf_portrait" name="test_scoped_pdf_exports[format=pdf&amp;level=1]" time="0.191" /><testcase classname="backend.tests.test_curriculum_pdf_portrait" name="test_scoped_pdf_exports[format=pdf&amp;term=1]" time="0.157" /><testcase classname="backend.tests.test_curriculum_pdf_portrait" name="test_scoped_pdf_exports[format=pdf&amp;level=1&amp;term=2]" time="0.170" /></testsuite></testsuites>