<?xml version="1.0" encoding="utf-8"?><testsuites name="pytest tests"><testsuite name="pytest" errors="0" failures="0" skipped="0" tests="7" time="2.602" timestamp="2026-06-29T00:48:19.641001+00:00" hostname="agent-env-09acf16a-7ac0-4f4f-bdd8-550445b492cb"><testcase classname="backend.tests.test_teaching_load_bulk_semester_fix" name="test_bulk_assigns_course_in_active_semester_visible_immediately" time="0.819" /><testcase classname="backend.tests.test_teaching_load_bulk_semester_fix" name="test_bulk_with_orphan_course_migrates_course_to_active" time="0.244" /><testcase classname="backend.tests.test_teaching_load_bulk_semester_fix" name="test_bulk_with_old_semester_course_keeps_old_semester" time="0.433" /><testcase classname="backend.tests.test_teaching_load_bulk_semester_fix" name="test_bulk_is_idempotent" time="0.219" /><testcase classname="backend.tests.test_teaching_load_bulk_semester_fix" name="test_backfill_does_not_undo_bulk_fix" time="0.468" /><testcase classname="backend.tests.test_teaching_load_bulk_semester_fix" name="test_bulk_conflict_detection_blocks_second_teacher" time="0.220" /><testcase classname="backend.tests.test_teaching_load_bulk_semester_fix" name="test_zz_cleanup" time="0.002" /></testsuite></testsuites>