<?xml version="1.0" encoding="utf-8"?><testsuites name="pytest tests"><testsuite name="pytest" errors="0" failures="0" skipped="0" tests="7" time="2.593" timestamp="2026-06-26T12:44:20.293006+00:00" hostname="agent-env-09acf16a-7ac0-4f4f-bdd8-550445b492cb"><testcase classname="backend.tests.test_curriculum_pdf_export_landscape.TestCurriculumPdfFull" name="test_pdf_full_export_status_and_headers" time="0.757" /><testcase classname="backend.tests.test_curriculum_pdf_export_landscape.TestCurriculumPdfFull" name="test_pdf_is_landscape_a4" time="0.234" /><testcase classname="backend.tests.test_curriculum_pdf_export_landscape.TestCurriculumPdfFull" name="test_pdf_pages_match_distinct_levels" time="0.316" /><testcase classname="backend.tests.test_curriculum_pdf_export_landscape.TestCurriculumPdfFiltered" name="test_pdf_single_level_one_page" time="0.219" /><testcase classname="backend.tests.test_curriculum_pdf_export_landscape.TestCurriculumXlsx" name="test_xlsx_still_works" time="0.334" /><testcase classname="backend.tests.test_curriculum_pdf_export_landscape.TestPermissionGate" name="test_student_forbidden" time="0.441" /><testcase classname="backend.tests.test_curriculum_pdf_export_landscape.TestPermissionGate" name="test_unauthenticated_forbidden" time="0.158" /></testsuite></testsuites>