<?xml version="1.0" encoding="utf-8"?><testsuites name="pytest tests"><testsuite name="pytest" errors="0" failures="1" skipped="0" tests="25" time="7.593" timestamp="2026-09-22T21:13:57.229591+00:00" hostname="agent-env-09acf16a-7ac0-4f4f-bdd8-550445b492cb"><testcase classname="backend.tests.test_reports_pdf.TestPdfExports" name="test_attendance_overview_pdf" time="0.984" /><testcase classname="backend.tests.test_reports_pdf.TestPdfExports" name="test_warnings_pdf" time="0.301" /><testcase classname="backend.tests.test_reports_pdf.TestPdfExports" name="test_absent_students_pdf" time="0.257" /><testcase classname="backend.tests.test_reports_pdf.TestPdfExports" name="test_daily_pdf" time="0.205" /><testcase classname="backend.tests.test_reports_pdf.TestPdfExports" name="test_course_pdf" time="1.164" /><testcase classname="backend.tests.test_reports_pdf.TestPdfExports" name="test_teacher_summary_pdf" time="0.241" /><testcase classname="backend.tests.test_reports_pdf.TestExcelAndLegacy" name="test_excel_attendance_overview" time="0.532" /><testcase classname="backend.tests.test_reports_pdf.TestExcelAndLegacy" name="test_excel_warnings" time="0.258" /><testcase classname="backend.tests.test_reports_pdf.TestExcelAndLegacy" name="test_excel_absent_students" time="0.217" /><testcase classname="backend.tests.test_reports_pdf.TestExcelAndLegacy" name="test_excel_daily" time="0.155" /><testcase classname="backend.tests.test_reports_pdf.TestExcelAndLegacy" name="test_excel_course" time="0.246" /><testcase classname="backend.tests.test_reports_pdf.TestExcelAndLegacy" name="test_excel_teacher_summary" time="0.140" /><testcase classname="backend.tests.test_reports_pdf.TestExcelAndLegacy" name="test_teacher_attendance_excel" time="0.194" /><testcase classname="backend.tests.test_reports_pdf.TestExcelAndLegacy" name="test_teacher_attendance_pdf" time="0.230" /><testcase classname="backend.tests.test_reports_pdf.TestJsonBase" name="test_attendance_overview" time="0.211" /><testcase classname="backend.tests.test_reports_pdf.TestJsonBase" name="test_warnings" time="0.182" /><testcase classname="backend.tests.test_reports_pdf.TestJsonBase" name="test_absent_students" time="0.186" /><testcase classname="backend.tests.test_reports_pdf.TestJsonBase" name="test_daily" time="0.154" /><testcase classname="backend.tests.test_reports_pdf.TestJsonBase" name="test_course_detailed" time="0.188" /><testcase classname="backend.tests.test_reports_pdf.TestJsonBase" name="test_teacher_summary" time="0.197" /><testcase classname="backend.tests.test_reports_pdf.TestJsonBase" name="test_teacher_attendance" time="0.254" /><testcase classname="backend.tests.test_reports_pdf.TestJsonBase" name="test_teacher_delays" time="0.190" /><testcase classname="backend.tests.test_reports_pdf.TestJsonBase" name="test_lesson_completion" time="0.149" /><testcase classname="backend.tests.test_reports_pdf.TestRbac" name="test_teacher_forbidden_on_attendance_overview_pdf" time="0.521" /><testcase classname="backend.tests.test_reports_pdf.TestRbac" name="test_teacher_allowed_own_summary_pdf" time="0.147"><failure message="AssertionError: expected 200 got 404: {&quot;detail&quot;:&quot;لم يتم العثور على سجل المعلم&quot;}&#10;assert 404 == 200&#10; +  where 404 = &lt;Response [404]&gt;.status_code">backend/tests/test_reports_pdf.py:202: in test_teacher_allowed_own_summary_pdf
    assert r.status_code == 200, f"expected 200 got {r.status_code}: {r.text[:200]}"
E   AssertionError: expected 200 got 404: {"detail":"لم يتم العثور على سجل المعلم"}
E   assert 404 == 200
E    +  where 404 = &lt;Response [404]&gt;.status_code</failure></testcase></testsuite></testsuites>