<?xml version="1.0" encoding="utf-8"?><testsuites name="pytest tests"><testsuite name="pytest" errors="0" failures="0" skipped="0" tests="8" time="9.362" timestamp="2026-07-12T10:35:28.393548+00:00" hostname="agent-env-09acf16a-7ac0-4f4f-bdd8-550445b492cb"><testcase classname="tests.test_activity_logs_autolog" name="test_login_returns_access_token" time="0.526" /><testcase classname="tests.test_activity_logs_autolog" name="test_activity_logs_timezone_is_yemen" time="0.109" /><testcase classname="tests.test_activity_logs_autolog" name="test_auto_log_create_and_delete_student" time="1.672" /><testcase classname="tests.test_activity_logs_autolog" name="test_manual_log_no_duplication_teacher_prefs" time="4.452" /><testcase classname="tests.test_activity_logs_autolog" name="test_failed_operation_not_logged" time="2.206" /><testcase classname="tests.test_activity_logs_autolog" name="test_master_view" time="0.105" /><testcase classname="tests.test_activity_logs_autolog" name="test_valid_slots" time="0.113" /><testcase classname="tests.test_activity_logs_autolog" name="test_teacher_prefs_defaults" time="0.120" /></testsuite></testsuites>