<?xml version="1.0" encoding="utf-8"?><testsuites name="pytest tests"><testsuite name="pytest" errors="0" failures="0" skipped="0" tests="9" time="3.121" timestamp="2026-06-26T13:35:50.330303+00:00" hostname="agent-env-09acf16a-7ac0-4f4f-bdd8-550445b492cb"><testcase classname="backend.tests.test_curriculum_pdf_pagebreak_per_level" name="test_pdf_valid" time="0.699" /><testcase classname="backend.tests.test_curriculum_pdf_pagebreak_per_level" name="test_pdf_every_page_portrait_a4" time="0.211" /><testcase classname="backend.tests.test_curriculum_pdf_pagebreak_per_level" name="test_pdf_page_count_equals_distinct_levels" time="0.687" /><testcase classname="backend.tests.test_curriculum_pdf_pagebreak_per_level" name="test_excel_export_still_works" time="0.160" /><testcase classname="backend.tests.test_curriculum_pdf_pagebreak_per_level" name="test_student_forbidden" time="0.509" /><testcase classname="backend.tests.test_curriculum_pdf_pagebreak_per_level" name="test_scoped_exports_portrait[format=pdf&amp;level=1]" time="0.264" /><testcase classname="backend.tests.test_curriculum_pdf_pagebreak_per_level" name="test_scoped_exports_portrait[format=pdf&amp;term=1]" time="0.166" /><testcase classname="backend.tests.test_curriculum_pdf_pagebreak_per_level" name="test_scoped_exports_portrait[format=pdf&amp;level=1&amp;term=2]" time="0.151" /><testcase classname="backend.tests.test_curriculum_pdf_pagebreak_per_level" name="test_scoped_single_level_one_page" time="0.161" /></testsuite></testsuites>