<?xml version="1.0" encoding="utf-8"?><testsuites name="pytest tests"><testsuite name="pytest" errors="0" failures="0" skipped="0" tests="9" time="4.014" timestamp="2026-06-29T15:01:18.997027+00:00" hostname="agent-env-09acf16a-7ac0-4f4f-bdd8-550445b492cb"><testcase classname="backend.tests.test_teachers_list_union_counts.TestStep1Auth" name="test_login_and_active_sem" time="0.620" /><testcase classname="backend.tests.test_teachers_list_union_counts.TestStep2CrossPageConsistency" name="test_list_matches_detail_for_every_teacher" time="0.608" /><testcase classname="backend.tests.test_teachers_list_union_counts.TestStep3SeedCourseAssignment" name="test_assign_course_and_verify_increment" time="0.610" /><testcase classname="backend.tests.test_teachers_list_union_counts.TestStep4CourseOnlyNoLoad" name="test_course_only_with_credit_hours_fallback" time="0.462" /><testcase classname="backend.tests.test_teachers_list_union_counts.TestStep5LoadOnlyNoCourseTeacher" name="test_teaching_load_only_with_weekly_hours" time="0.389" /><testcase classname="backend.tests.test_teachers_list_union_counts.TestStep6OldSemesterNotCounted" name="test_archived_sem_course_does_not_inflate" time="0.237" /><testcase classname="backend.tests.test_teachers_list_union_counts.TestStep7Idempotency" name="test_two_consecutive_gets_match" time="0.261" /><testcase classname="backend.tests.test_teachers_list_union_counts.TestStep8MultiTeacherIntegrity" name="test_three_teachers_independent" time="0.620" /><testcase classname="backend.tests.test_teachers_list_union_counts" name="test_final_cleanup_safety_no_orphan_test_data" time="0.001" /></testsuite></testsuites>