<?xml version="1.0" encoding="utf-8"?><testsuites name="pytest tests"><testsuite name="pytest" errors="0" failures="0" skipped="0" tests="13" time="4.491" timestamp="2026-09-26T14:42:29.726589+00:00" hostname="agent-env-09acf16a-7ac0-4f4f-bdd8-550445b492cb"><testcase classname="backend.tests.test_hr_dashboard_v2" name="test_hr_endpoint_structure[week]" time="0.720" /><testcase classname="backend.tests.test_hr_dashboard_v2" name="test_hr_endpoint_structure[month]" time="0.156" /><testcase classname="backend.tests.test_hr_dashboard_v2" name="test_hr_endpoint_structure[day]" time="0.130" /><testcase classname="backend.tests.test_hr_dashboard_v2" name="test_hr_endpoint_faculty_scope" time="0.288" /><testcase classname="backend.tests.test_hr_dashboard_v2" name="test_hr_endpoint_department_scope" time="0.312" /><testcase classname="backend.tests.test_hr_dashboard_v2" name="test_hr_endpoint_invalid_org_unit_id_falls_back" time="0.170" /><testcase classname="backend.tests.test_hr_dashboard_v2" name="test_academic_endpoint_no_hr_block" time="0.166" /><testcase classname="backend.tests.test_hr_dashboard_v2" name="test_dean_hr_endpoint_forbidden" time="0.604" /><testcase classname="backend.tests.test_hr_dashboard_v2" name="test_head_hr_endpoint_forbidden" time="0.598" /><testcase classname="backend.tests.test_hr_dashboard_v2" name="test_hr_export_excel" time="0.312" /><testcase classname="backend.tests.test_hr_dashboard_v2" name="test_hr_export_excel_with_org_unit" time="0.339" /><testcase classname="backend.tests.test_hr_dashboard_v2" name="test_hr_export_pdf" time="0.466" /><testcase classname="backend.tests.test_hr_dashboard_v2" name="test_academic_export_no_hr_sheets" time="0.176" /></testsuite></testsuites>