<?xml version="1.0" encoding="utf-8"?><testsuites name="pytest tests"><testsuite name="pytest" errors="0" failures="0" skipped="0" tests="9" time="2.411" timestamp="2026-06-29T13:24:28.130564+00:00" hostname="agent-env-09acf16a-7ac0-4f4f-bdd8-550445b492cb"><testcase classname="tests.test_teaching_load_orphan_dedup" name="test_baseline_no_empty_course_names_in_active_listing" time="0.581" /><testcase classname="tests.test_teaching_load_orphan_dedup" name="test_orphan_loads_hidden_from_list" time="0.224" /><testcase classname="tests.test_teaching_load_orphan_dedup" name="test_cleanup_endpoint_removes_orphans" time="0.117" /><testcase classname="tests.test_teaching_load_orphan_dedup" name="test_cleanup_endpoint_is_idempotent" time="0.109" /><testcase classname="tests.test_teaching_load_orphan_dedup" name="test_dedup_keeps_newest_and_deletes_older" time="0.469" /><testcase classname="tests.test_teaching_load_orphan_dedup" name="test_export_filter_hides_orphan_in_pdf" time="0.251" /><testcase classname="tests.test_teaching_load_orphan_dedup" name="test_listing_is_stable_across_calls" time="0.216" /><testcase classname="tests.test_teaching_load_orphan_dedup" name="test_archived_semester_load_hidden_unless_all_semesters" time="0.244" /><testcase classname="tests.test_teaching_load_orphan_dedup" name="test_zz_cleanup" time="0.002" /></testsuite></testsuites>