<?xml version="1.0" encoding="utf-8"?><testsuites name="pytest tests"><testsuite name="pytest" errors="0" failures="0" skipped="0" tests="3" time="11.164" timestamp="2026-06-23T22:34:23.596917+00:00" hostname="agent-env-09acf16a-7ac0-4f4f-bdd8-550445b492cb"><testcase classname="backend.tests.test_student_courses_inferred" name="test_endpoint_reachable" time="0.749" /><testcase classname="backend.tests.test_student_courses_inferred" name="test_inferred_path_present" time="10.257" /><testcase classname="backend.tests.test_student_courses_inferred" name="test_inferred_response_has_suggested_courses" time="0.107" /></testsuite></testsuites>