<?xml version="1.0" encoding="utf-8"?><testsuites name="pytest tests"><testsuite name="pytest" errors="0" failures="2" skipped="0" tests="18" time="13.925" timestamp="2026-07-01T13:46:53.353229+00:00" hostname="agent-env-09acf16a-7ac0-4f4f-bdd8-550445b492cb"><testcase classname="backend.tests.test_attendance_approval" name="test_step1_dean_role_has_approve_permission" time="0.014" /><testcase classname="backend.tests.test_attendance_approval" name="test_step2a_list_endpoint_admin" time="0.808" /><testcase classname="backend.tests.test_attendance_approval" name="test_step2b_pending_count_admin" time="0.157" /><testcase classname="backend.tests.test_attendance_approval" name="test_step2c_mine_admin" time="0.165" /><testcase classname="backend.tests.test_attendance_approval" name="test_step2d_lecture_pending_admin" time="0.189" /><testcase classname="backend.tests.test_attendance_approval" name="test_step2e_list_forbidden_for_employee" time="2.174" /><testcase classname="backend.tests.test_attendance_approval" name="test_step2f_pending_count_returns_zero_for_non_approver" time="0.572" /><testcase classname="backend.tests.test_attendance_approval" name="test_step3_employee_outside_window_creates_pending" time="0.596" /><testcase classname="backend.tests.test_attendance_approval" name="test_step4_dean_approves" time="0.739" /><testcase classname="backend.tests.test_attendance_approval" name="test_step5_dean_rejects" time="1.084" /><testcase classname="backend.tests.test_attendance_approval" name="test_step6_dean_b_cannot_see_or_action_faculty_a" time="1.291" /><testcase classname="backend.tests.test_attendance_approval" name="test_step7_self_cancel" time="1.322" /><testcase classname="backend.tests.test_attendance_approval" name="test_step8_inside_window_direct_apply" time="0.516" /><testcase classname="backend.tests.test_attendance_approval" name="test_step9_admin_direct_apply_outside_window" time="0.142"><failure message="assert 403 == 200&#10; +  where 403 = &lt;Response [403]&gt;.status_code">backend/tests/test_attendance_approval.py:414: in test_step9_admin_direct_apply_outside_window
    assert r.status_code == 200
E   assert 403 == 200
E    +  where 403 = &lt;Response [403]&gt;.status_code</failure></testcase><testcase classname="backend.tests.test_attendance_approval" name="test_step10_duplicate_replaces_pending" time="0.718" /><testcase classname="backend.tests.test_attendance_approval" name="test_step11_batch_approve_and_reject" time="1.099"><failure message="assert 500 == 200&#10; +  where 500 = &lt;Response [500]&gt;.status_code">backend/tests/test_attendance_approval.py:471: in test_step11_batch_approve_and_reject
    assert r.status_code == 200
E   assert 500 == 200
E    +  where 500 = &lt;Response [500]&gt;.status_code</failure></testcase><testcase classname="backend.tests.test_attendance_approval" name="test_step12_pending_count" time="1.009" /><testcase classname="backend.tests.test_attendance_approval" name="test_step13_department_head_pending_and_sibling_cannot_approve" time="1.061" /></testsuite></testsuites>