<?xml version="1.0" encoding="utf-8"?><testsuites name="pytest tests"><testsuite name="pytest" errors="0" failures="0" skipped="0" tests="12" time="3.532" timestamp="2026-04-26T17:29:26.463511+00:00" hostname="agent-env-09acf16a-7ac0-4f4f-bdd8-550445b492cb"><testcase classname="backend.tests.test_lecture_and_final_results_pytest.TestLectureDeletion" name="test_delete_lecture_cleans_attendance" time="1.216" /><testcase classname="backend.tests.test_lecture_and_final_results_pytest.TestLectureDeletion" name="test_attendance_filters_deleted_lectures" time="0.120" /><testcase classname="backend.tests.test_lecture_and_final_results_pytest.TestFinalResults" name="test_template_download" time="0.168" /><testcase classname="backend.tests.test_lecture_and_final_results_pytest.TestFinalResults" name="test_send_json_pass_fail" time="0.219" /><testcase classname="backend.tests.test_lecture_and_final_results_pytest.TestFinalResults" name="test_send_pass_fail_english_keywords" time="0.115" /><testcase classname="backend.tests.test_lecture_and_final_results_pytest.TestFinalResults" name="test_excel_upload" time="0.205" /><testcase classname="backend.tests.test_lecture_and_final_results_pytest.TestFinalResults" name="test_invalid_student_returns_failed_list" time="0.138" /><testcase classname="backend.tests.test_lecture_and_final_results_pytest.TestFinalResults" name="test_invalid_result_value" time="0.118" /><testcase classname="backend.tests.test_lecture_and_final_results_pytest.TestFinalResults" name="test_teacher_permission_denied" time="0.590" /><testcase classname="backend.tests.test_lecture_and_final_results_pytest.TestFinalResults" name="test_unauthenticated_denied" time="0.111" /><testcase classname="backend.tests.test_lecture_and_final_results_pytest.TestFinalResults" name="test_course_not_found" time="0.130" /><testcase classname="backend.tests.test_lecture_and_final_results_pytest.TestFinalResults" name="test_course_invalid_id_format" time="0.108" /></testsuite></testsuites>