<?xml version="1.0" encoding="utf-8"?><testsuites name="pytest tests"><testsuite name="pytest" errors="0" failures="2" skipped="1" tests="10" time="6.396" timestamp="2026-07-05T13:12:06.207615+00:00" hostname="agent-env-09acf16a-7ac0-4f4f-bdd8-550445b492cb"><testcase classname="backend.tests.test_teaching_load_multi_dept_scope.TestAdminBaseline" name="test_admin_can_assign_and_delete_any_course" time="1.019" /><testcase classname="backend.tests.test_teaching_load_multi_dept_scope.TestMultiDeptScope" name="test_user_has_department_ids_populated" time="1.132"><failure message="AssertionError: {'course_ids': None, 'created_at': '2026-07-05T13:12:07.818000', 'department_id': '698e500997fef774e66e93a8', 'department_ids': None, ...}&#10;assert '698e500997fef774e66e93a8' in ((None or []))&#10; +  where None = &lt;built-in method get of dict object at 0xffcbeb8c4280&gt;('department_ids')&#10; +    where &lt;built-in method get of dict object at 0xffcbeb8c4280&gt; = {'course_ids': None, 'created_at': '2026-07-05T13:12:07.818000', 'department_id': '698e500997fef774e66e93a8', 'department_ids': None, ...}.get">backend/tests/test_teaching_load_multi_dept_scope.py:188: in test_user_has_department_ids_populated
    assert multi_dept_user["dept_a"] in (me.get("department_ids") or []), me
E   AssertionError: {'course_ids': None, 'created_at': '2026-07-05T13:12:07.818000', 'department_id': '698e500997fef774e66e93a8', 'department_ids': None, ...}
E   assert '698e500997fef774e66e93a8' in ((None or []))
E    +  where None = &lt;built-in method get of dict object at 0xffcbeb8c4280&gt;('department_ids')
E    +    where &lt;built-in method get of dict object at 0xffcbeb8c4280&gt; = {'course_ids': None, 'created_at': '2026-07-05T13:12:07.818000', 'department_id': '698e500997fef774e66e93a8', 'department_ids': None, ...}.get</failure></testcase><testcase classname="backend.tests.test_teaching_load_multi_dept_scope.TestMultiDeptScope" name="test_can_assign_course_in_dept_a" time="0.526" /><testcase classname="backend.tests.test_teaching_load_multi_dept_scope.TestMultiDeptScope" name="test_can_assign_and_delete_in_dept_b" time="0.318"><failure message="AssertionError: multi-dept user should assign in dept_b: 403 {&quot;detail&quot;:&quot;لا يمكنك إسناد مقرر لا ينتمي لأحد أقسامك&quot;}&#10;assert 403 == 200&#10; +  where 403 = &lt;Response [403]&gt;.status_code">backend/tests/test_teaching_load_multi_dept_scope.py:209: in test_can_assign_and_delete_in_dept_b
    assert r.status_code == 200, f"multi-dept user should assign in dept_b: {r.status_code} {r.text}"
E   AssertionError: multi-dept user should assign in dept_b: 403 {"detail":"لا يمكنك إسناد مقرر لا ينتمي لأحد أقسامك"}
E   assert 403 == 200
E    +  where 403 = &lt;Response [403]&gt;.status_code</failure></testcase><testcase classname="backend.tests.test_teaching_load_multi_dept_scope.TestMultiDeptScope" name="test_rejected_in_dept_c" time="0.320" /><testcase classname="backend.tests.test_teaching_load_multi_dept_scope.TestMultiDeptScope" name="test_delete_rejected_when_load_created_by_admin_in_dept_c" time="0.517" /><testcase classname="backend.tests.test_teaching_load_multi_dept_scope.TestMultiDeptScope" name="test_bulk_rejects_out_of_scope_and_accepts_in_scope" time="0.642" /><testcase classname="backend.tests.test_teaching_load_multi_dept_scope.TestSingleDeptRegression" name="test_saeed_login" time="0.332" /><testcase classname="backend.tests.test_teaching_load_multi_dept_scope.TestSingleDeptRegression" name="test_saeed_denied_outside_his_department" time="0.858" /><testcase classname="backend.tests.test_teaching_load_multi_dept_scope.TestSingleDeptRegression" name="test_saeed_allowed_inside_his_department" time="0.636"><skipped type="pytest.skip" message="No active course inside Saeed's dept">/app/backend/tests/test_teaching_load_multi_dept_scope.py:316: No active course inside Saeed's dept</skipped></testcase></testsuite></testsuites>