<?xml version="1.0" encoding="utf-8"?><testsuites name="pytest tests"><testsuite name="pytest" errors="0" failures="0" skipped="0" tests="15" time="1.269" timestamp="2026-03-03T20:53:17.925668+00:00" hostname="agent-env-fd2d13ef-6ea5-42af-925e-34c653d07656"><testcase classname="backend.tests.test_student_app_apis.TestHealthCheck" name="test_health_endpoint" time="0.003" /><testcase classname="backend.tests.test_student_app_apis.TestStudentLogin" name="test_student_login_success" time="0.247" /><testcase classname="backend.tests.test_student_app_apis.TestStudentLogin" name="test_admin_login_returns_admin_role" time="0.229" /><testcase classname="backend.tests.test_student_app_apis.TestStudentLogin" name="test_invalid_credentials" time="0.003" /><testcase classname="backend.tests.test_student_app_apis.TestStudentMeEndpoint" name="test_students_me_returns_student_data" time="0.228" /><testcase classname="backend.tests.test_student_app_apis.TestStudentMeEndpoint" name="test_students_me_without_auth" time="0.001" /><testcase classname="backend.tests.test_student_app_apis.TestStudentMeEndpoint" name="test_students_me_with_admin_token_rejected" time="0.227" /><testcase classname="backend.tests.test_student_app_apis.TestCoursesEndpoint" name="test_courses_list" time="0.004" /><testcase classname="backend.tests.test_student_app_apis.TestDepartmentsEndpoint" name="test_departments_list" time="0.004" /><testcase classname="backend.tests.test_student_app_apis.TestSettingsEndpoint" name="test_settings_returns_college_name" time="0.003" /><testcase classname="backend.tests.test_student_app_apis.TestNotificationsEndpoints" name="test_notifications_count" time="0.003" /><testcase classname="backend.tests.test_student_app_apis.TestNotificationsEndpoints" name="test_notifications_my" time="0.004" /><testcase classname="backend.tests.test_student_app_apis.TestAttendanceStatsEndpoint" name="test_attendance_stats_for_student" time="0.006" /><testcase classname="backend.tests.test_student_app_apis.TestAuthMeEndpoint" name="test_auth_me_with_student_token" time="0.003" /><testcase classname="backend.tests.test_student_app_apis.TestEndToEndStudentFlow" name="test_complete_student_flow" time="0.250" /></testsuite></testsuites>