<?xml version="1.0" encoding="utf-8"?><testsuites name="pytest tests"><testsuite name="pytest" errors="0" failures="0" skipped="0" tests="14" time="0.614" timestamp="2026-03-01T00:42:55.251032+00:00" hostname="agent-env-9d110c2d-10a2-4e30-83fb-b6890ea1e32f"><testcase classname="backend.tests.test_notifications.TestAuthLogin" name="test_admin_login" time="0.252" /><testcase classname="backend.tests.test_notifications.TestNotificationsMyEndpoint" name="test_get_my_notifications_success" time="0.232" /><testcase classname="backend.tests.test_notifications.TestNotificationsMyEndpoint" name="test_get_notifications_without_auth_fails" time="0.002" /><testcase classname="backend.tests.test_notifications.TestNotificationsSendEndpoint" name="test_send_notification_to_all_success" time="0.006" /><testcase classname="backend.tests.test_notifications.TestNotificationsSendEndpoint" name="test_send_notification_without_auth_fails" time="0.002" /><testcase classname="backend.tests.test_notifications.TestNotificationsSendEndpoint" name="test_send_notification_to_role" time="0.006" /><testcase classname="backend.tests.test_notifications.TestNotificationsDeleteEndpoint" name="test_delete_notification_success" time="0.009" /><testcase classname="backend.tests.test_notifications.TestNotificationsDeleteEndpoint" name="test_delete_nonexistent_notification" time="0.004" /><testcase classname="backend.tests.test_notifications.TestNotificationsMarkReadEndpoint" name="test_mark_notification_as_read" time="0.013" /><testcase classname="backend.tests.test_notifications.TestNotificationsMarkReadEndpoint" name="test_mark_all_notifications_as_read" time="0.004" /><testcase classname="backend.tests.test_notifications.TestNotificationsHistoryEndpoint" name="test_get_notification_history_admin" time="0.004" /><testcase classname="backend.tests.test_notifications.TestNotificationsHistoryEndpoint" name="test_get_notification_history_without_auth_fails" time="0.002" /><testcase classname="backend.tests.test_notifications.TestNotificationsStatsEndpoint" name="test_get_notification_stats" time="0.007" /><testcase classname="backend.tests.test_notifications.TestCleanup" name="test_cleanup_test_notifications" time="0.008" /></testsuite></testsuites>