<?xml version="1.0" encoding="utf-8"?><testsuites name="pytest tests"><testsuite name="pytest" errors="0" failures="0" skipped="0" tests="9" time="5.271" timestamp="2026-07-05T08:37:48.292664+00:00" hostname="agent-env-09acf16a-7ac0-4f4f-bdd8-550445b492cb"><testcase classname="backend.tests.test_registration_manager_multi_dept_scope" name="test_multi_dept_registration_manager_courses" time="1.670" /><testcase classname="backend.tests.test_registration_manager_multi_dept_scope" name="test_single_dept_registration_manager_courses" time="0.426" /><testcase classname="backend.tests.test_registration_manager_multi_dept_scope" name="test_faculty_only_registration_manager_courses" time="0.425" /><testcase classname="backend.tests.test_registration_manager_multi_dept_scope" name="test_failsafe_no_scope_registration_manager_courses" time="0.421" /><testcase classname="backend.tests.test_registration_manager_multi_dept_scope" name="test_multi_dept_registration_manager_students" time="0.439" /><testcase classname="backend.tests.test_registration_manager_multi_dept_scope" name="test_single_dept_registration_manager_students" time="0.419" /><testcase classname="backend.tests.test_registration_manager_multi_dept_scope" name="test_faculty_only_registration_manager_students" time="0.424" /><testcase classname="backend.tests.test_registration_manager_multi_dept_scope" name="test_multi_dept_registration_manager_departments" time="0.423" /><testcase classname="backend.tests.test_registration_manager_multi_dept_scope" name="test_registrar_role_multi_dept_courses" time="0.427" /></testsuite></testsuites>