<?xml version="1.0" encoding="utf-8"?><testsuites name="pytest tests"><testsuite name="pytest" errors="0" failures="0" skipped="0" tests="10" time="4.937" timestamp="2026-03-08T09:59:11.551845+00:00" hostname="agent-env-5f24cecf-6dc5-48e5-ac80-89bef21ad971"><testcase classname="backend.tests.test_reports_endpoints.TestReportEndpoints" name="test_reports_summary" time="0.560" /><testcase classname="backend.tests.test_reports_endpoints.TestReportEndpoints" name="test_reports_attendance_overview" time="0.433" /><testcase classname="backend.tests.test_reports_endpoints.TestReportEndpoints" name="test_reports_absent_students" time="0.434" /><testcase classname="backend.tests.test_reports_endpoints.TestReportEndpoints" name="test_reports_daily" time="0.434" /><testcase classname="backend.tests.test_reports_endpoints.TestReportEndpoints" name="test_reports_warnings" time="0.430" /><testcase classname="backend.tests.test_reports_endpoints.TestReportEndpoints" name="test_reports_teacher_delays" time="0.420" /><testcase classname="backend.tests.test_reports_endpoints.TestCourseDetailedReport" name="test_get_all_courses" time="0.425" /><testcase classname="backend.tests.test_reports_endpoints.TestCourseDetailedReport" name="test_course_detailed_report_all_courses" time="0.879" /><testcase classname="backend.tests.test_reports_endpoints.TestStudentReport" name="test_student_report_with_sample" time="0.530" /><testcase classname="backend.tests.test_reports_endpoints.TestLoginFlow" name="test_admin_login" time="0.326" /></testsuite></testsuites>