<?xml version="1.0" encoding="utf-8"?><testsuites name="pytest tests"><testsuite name="pytest" errors="0" failures="0" skipped="1" tests="9" time="1.495" timestamp="2026-03-12T22:25:51.687228+00:00" hostname="agent-env-d7d43300-b118-4938-9b2f-fb9bb32ba942"><testcase classname="backend.tests.test_reschedule_lecture.TestRescheduleLectureBackend" name="test_admin_login_success" time="0.413" /><testcase classname="backend.tests.test_reschedule_lecture.TestRescheduleLectureBackend" name="test_reschedule_with_valid_data" time="0.145" /><testcase classname="backend.tests.test_reschedule_lecture.TestRescheduleLectureBackend" name="test_reschedule_without_date" time="0.111" /><testcase classname="backend.tests.test_reschedule_lecture.TestRescheduleLectureBackend" name="test_reschedule_with_invalid_times" time="0.235" /><testcase classname="backend.tests.test_reschedule_lecture.TestRescheduleLectureBackend" name="test_get_lectures_for_course" time="0.152" /><testcase classname="backend.tests.test_reschedule_lecture.TestRescheduleLectureBackend" name="test_reschedule_completed_lecture_should_fail" time="0.000" /><testcase classname="backend.tests.test_reschedule_lecture.TestRescheduleLecturePermissions" name="test_admin_can_reschedule" time="0.123" /><testcase classname="backend.tests.test_reschedule_lecture.TestRescheduleLecturePermissions" name="test_dean_can_reschedule" time="0.131"><skipped type="pytest.skip" message="Dean user not available">/app/backend/tests/test_reschedule_lecture.py:192: Dean user not available</skipped></testcase><testcase classname="backend.tests.test_reschedule_lecture.TestRescheduleLecturePermissions" name="test_unauthenticated_user_cannot_reschedule" time="0.131" /></testsuite></testsuites>