<?xml version="1.0" encoding="utf-8"?><testsuites name="pytest tests"><testsuite name="pytest" errors="0" failures="0" skipped="0" tests="10" time="4.435" timestamp="2026-03-08T02:54:25.414629+00:00" hostname="agent-env-1f9f4ca7-e394-4400-a2a2-c89734daeafc"><testcase classname="backend.tests.test_role_based_attendance.TestAdminPermissions" name="test_admin_login_returns_permissions" time="0.519" /><testcase classname="backend.tests.test_role_based_attendance.TestAdminPermissions" name="test_admin_has_no_teacher_only_permissions" time="0.466" /><testcase classname="backend.tests.test_role_based_attendance.TestAdminPermissions" name="test_admin_cannot_edit_attendance_without_permission" time="0.569" /><testcase classname="backend.tests.test_role_based_attendance.TestDeanPermissions" name="test_dean_role_exists_with_edit_attendance" time="0.456" /><testcase classname="backend.tests.test_role_based_attendance.TestPermissionEnforcement" name="test_attendance_record_exists" time="0.448" /><testcase classname="backend.tests.test_role_based_attendance.TestPermissionEnforcement" name="test_unauthenticated_cannot_edit_attendance" time="0.112" /><testcase classname="backend.tests.test_role_based_attendance.TestDefaultPermissions" name="test_get_all_permissions" time="0.431" /><testcase classname="backend.tests.test_role_based_attendance.TestHasPermissionFunction" name="test_admin_can_access_non_teacher_endpoints" time="0.450" /><testcase classname="backend.tests.test_role_based_attendance.TestHasPermissionFunction" name="test_admin_can_access_reports" time="0.464" /><testcase classname="backend.tests.test_role_based_attendance.TestFrontendUIExpectations" name="test_me_endpoint_returns_permissions" time="0.468" /></testsuite></testsuites>