<?xml version="1.0" encoding="utf-8"?><testsuites name="pytest tests"><testsuite name="pytest" errors="0" failures="0" skipped="0" tests="6" time="3.031" timestamp="2026-04-07T18:59:50.551552+00:00" hostname="agent-env-09acf16a-7ac0-4f4f-bdd8-550445b492cb"><testcase classname="backend.tests.test_schedule_api.TestScheduleAPI" name="test_01_schedule_no_date_defaults_to_today" time="0.569" /><testcase classname="backend.tests.test_schedule_api.TestScheduleAPI" name="test_02_schedule_with_specific_date" time="0.559" /><testcase classname="backend.tests.test_schedule_api.TestScheduleAPI" name="test_03_schedule_empty_date" time="0.465" /><testcase classname="backend.tests.test_schedule_api.TestScheduleAPI" name="test_04_lecture_response_structure" time="0.490" /><testcase classname="backend.tests.test_schedule_api.TestScheduleAPI" name="test_05_schedule_requires_auth" time="0.425" /><testcase classname="backend.tests.test_schedule_api.TestScheduleAPI" name="test_06_schedule_invalid_date_format" time="0.458" /></testsuite></testsuites>