<?xml version="1.0" encoding="utf-8"?><testsuites name="pytest tests"><testsuite name="pytest" errors="0" failures="2" skipped="0" tests="16" time="2.974" timestamp="2026-07-04T14:00:50.356745+00:00" hostname="agent-env-09acf16a-7ac0-4f4f-bdd8-550445b492cb"><testcase classname="tests.test_student_status_snapshot" name="test_01_seed_students" time="0.008" /><testcase classname="tests.test_student_status_snapshot" name="test_02_change_to_frozen" time="0.536"><failure message="assert (None is not None or None is not None)">tests/test_student_status_snapshot.py:124: in test_02_change_to_frozen
    event_loop.run_until_complete(_check())
/usr/local/lib/python3.11/asyncio/base_events.py:654: in run_until_complete
    return future.result()
           ^^^^^^^^^^^^^^^
tests/test_student_status_snapshot.py:121: in _check
    assert snap["academic_year"] is not None or snap["academic_year_id"] is not None
E   assert (None is not None or None is not None)</failure></testcase><testcase classname="tests.test_student_status_snapshot" name="test_03_change_to_repeat" time="0.112" /><testcase classname="tests.test_student_status_snapshot" name="test_04_change_to_expelled" time="0.125" /><testcase classname="tests.test_student_status_snapshot" name="test_05_list_all_nonactive" time="0.157" /><testcase classname="tests.test_student_status_snapshot" name="test_06_filter_frozen" time="0.121" /><testcase classname="tests.test_student_status_snapshot" name="test_07_filter_repeat_and_expelled" time="0.223" /><testcase classname="tests.test_student_status_snapshot" name="test_08_search_by_name" time="0.119" /><testcase classname="tests.test_student_status_snapshot" name="test_09_snapshot_immutability" time="0.118" /><testcase classname="tests.test_student_status_snapshot" name="test_10_available_sections" time="0.106" /><testcase classname="tests.test_student_status_snapshot" name="test_11_restore_frozen_to_active" time="0.113" /><testcase classname="tests.test_student_status_snapshot" name="test_12_restore_on_active_fails" time="0.103" /><testcase classname="tests.test_student_status_snapshot" name="test_13_restore_invalid_level" time="0.114" /><testcase classname="tests.test_student_status_snapshot" name="test_14_history_has_repeat" time="0.104" /><testcase classname="tests.test_student_status_snapshot" name="test_15_employee_without_permission_forbidden" time="0.654"><failure message="AssertionError: expected 403, got 200: {&quot;items&quot;:[{&quot;id&quot;:&quot;6a4912121ef9f74d0e2d60fc&quot;,&quot;student_id&quot;:&quot;TEST9ad9d57&quot;,&quot;reference_number&quot;:&quot;TESTREF82a7b5&quot;,&quot;full_name&quot;:&quot;TEST_SNAP_طالب_3&quot;,&quot;phone&quot;:null,&quot;email&quot;:null,&quot;status&quot;:&quot;expelled&quot;,&quot;status_label&quot;:&quot;مفصول&quot;,&quot;reason&quot;:&quot;مخالفة أكاديمية&quot;,&quot;changed_at&quot;:&quot;2026-07-04T14:00:51.364403+00:00&quot;,&quot;department_id&quot;:&quot;698e500997fef774e66e93a8&quot;,&quot;department_name&quot;:&quot;الشريعة والقانون&quot;,&quot;faculty_id&quot;:&quot;698e4f9297fef774e66e93a4&quot;,&quot;faculty_name&quot;:&quot;كلية الشريعة والقانون&quot;,&quot;snapshot_level&quot;:2,&quot;snapshot_section&quot;:&quot;أ&quot;,&quot;snapshot_semester_id&quot;:&quot;6a21bee0ddb8d04530cf65f4&quot;,&quot;snapshot_semester_name&quot;:&quot;الفصل الصيفي 2024-2025&quot;,&quot;snapshot_academic_year&quot;:null,&quot;snapshot_captured_at&quot;:&quot;2026-07-04T14:00:51.364403+00:00&quot;,&quot;has_snapshot&quot;:true},{&quot;id&quot;:&quot;6a4912121ef9f74d0e2d60fb&quot;,&quot;student_id&quot;:&quot;TEST97e420b&quot;,&quot;reference_number&quot;:&quot;TESTREF586d05&quot;,&quot;full_name&quot;:&quot;TEST_SNAP_طالب_2&quot;,&quot;phone&quot;:null,&quot;email&quot;:null,&quot;status&quot;:&quot;repeat&quot;,&quot;status_label&quot;:&quot;إعادة&quot;,&quot;reason&quot;:&quot;رسوب متكرر&quot;,&quot;changed_at&quot;:&quot;2026-07-04T14:00:51.239970+00:00&quot;,&quot;department_id&quot;:&quot;698e500997fef774e66e93a8&quot;,&quot;department_name&quot;:&quot;الشريعة والقانون&quot;,&quot;faculty_id&quot;:&quot;698e4f9297fef774e66e93a4&quot;,&quot;faculty_name&quot;:&quot;كلية الشريعة والقانون&quot;,&quot;snapshot_level&quot;:2,&quot;snapshot_section&quot;:&quot;أ&quot;,&quot;snapshot_semester_id&quot;:&quot;6a21bee0ddb8d04530cf65f4&quot;,&quot;snapshot_semester_name&quot;:&quot;الفصل الصيفي 2024-2025&quot;,&quot;snapshot_academic_year&quot;:null,&quot;snapshot_captured_at&quot;:&quot;2026-07-04T14:00:51.239970+00:00&quot;,&quot;has_snapshot&quot;:true}],&quot;total&quot;:2,&quot;labels&quot;:{&quot;active&quot;:&quot;مستمر&quot;,&quot;repeat&quot;:&quot;إعادة&quot;,&quot;graduated&quot;:&quot;متخرج&quot;,&quot;expelled&quot;:&quot;مفصول&quot;,&quot;frozen&quot;:&quot;مجمَّد&quot;}}&#10;assert 200 == 403&#10; +  where 200 = &lt;Response [200]&gt;.status_code">tests/test_student_status_snapshot.py:302: in test_15_employee_without_permission_forbidden
    assert r.status_code == 403, f"expected 403, got {r.status_code}: {r.text}"
E   AssertionError: expected 403, got 200: {"items":[{"id":"6a4912121ef9f74d0e2d60fc","student_id":"TEST9ad9d57","reference_number":"TESTREF82a7b5","full_name":"TEST_SNAP_طالب_3","phone":null,"email":null,"status":"expelled","status_label":"مفصول","reason":"مخالفة أكاديمية","changed_at":"2026-07-04T14:00:51.364403+00:00","department_id":"698e500997fef774e66e93a8","department_name":"الشريعة والقانون","faculty_id":"698e4f9297fef774e66e93a4","faculty_name":"كلية الشريعة والقانون","snapshot_level":2,"snapshot_section":"أ","snapshot_semester_id":"6a21bee0ddb8d04530cf65f4","snapshot_semester_name":"الفصل الصيفي 2024-2025","snapshot_academic_year":null,"snapshot_captured_at":"2026-07-04T14:00:51.364403+00:00","has_snapshot":true},{"id":"6a4912121ef9f74d0e2d60fb","student_id":"TEST97e420b","reference_number":"TESTREF586d05","full_name":"TEST_SNAP_طالب_2","phone":null,"email":null,"status":"repeat","status_label":"إعادة","reason":"رسوب متكرر","changed_at":"2026-07-04T14:00:51.239970+00:00","department_id":"698e500997fef774e66e93a8","department_name":"الشريعة والقانون","faculty_id":"698e4f9297fef774e66e93a4","faculty_name":"كلية الشريعة والقانون","snapshot_level":2,"snapshot_section":"أ","snapshot_semester_id":"6a21bee0ddb8d04530cf65f4","snapshot_semester_name":"الفصل الصيفي 2024-2025","snapshot_academic_year":null,"snapshot_captured_at":"2026-07-04T14:00:51.239970+00:00","has_snapshot":true}],"total":2,"labels":{"active":"مستمر","repeat":"إعادة","graduated":"متخرج","expelled":"مفصول","frozen":"مجمَّد"}}
E   assert 200 == 403
E    +  where 200 = &lt;Response [200]&gt;.status_code</failure></testcase><testcase classname="tests.test_student_status_snapshot" name="test_99_cleanup" time="0.003" /></testsuite></testsuites>