<?xml version="1.0" encoding="utf-8"?><testsuites name="pytest tests"><testsuite name="pytest" errors="0" failures="0" skipped="0" tests="6" time="1.157" timestamp="2026-06-16T11:06:37.162622+00:00" hostname="agent-env-09acf16a-7ac0-4f4f-bdd8-550445b492cb"><testcase classname="backend.tests.test_student_details_page.TestStudentDetail" name="test_get_student_by_id" time="0.698" /><testcase classname="backend.tests.test_student_details_page.TestStudentCourses" name="test_courses_endpoint" time="0.048" /><testcase classname="backend.tests.test_student_details_page.TestAttendanceStats" name="test_attendance_stats_shape" time="0.047" /><testcase classname="backend.tests.test_student_details_page.TestAttendanceRecords" name="test_attendance_records_list" time="0.056" /><testcase classname="backend.tests.test_student_details_page.TestStudentStatusChange" name="test_change_status_round_trip" time="0.134" /><testcase classname="backend.tests.test_student_details_page.TestExcelExport" name="test_excel_export_works" time="0.112" /></testsuite></testsuites>