<?xml version="1.0" encoding="utf-8"?><testsuites name="pytest tests"><testsuite name="pytest" errors="0" failures="0" skipped="0" tests="16" time="4.543" timestamp="2026-05-30T22:38:22.149523+00:00" hostname="agent-env-09acf16a-7ac0-4f4f-bdd8-550445b492cb"><testcase classname="backend.tests.test_student_status.TestStats" name="test_stats_admin_ok" time="0.615" /><testcase classname="backend.tests.test_student_status.TestStats" name="test_stats_teacher_403_or_ok" time="0.446" /><testcase classname="backend.tests.test_student_status.TestSingleChangeAndHistory" name="test_change_to_active_then_history" time="0.456" /><testcase classname="backend.tests.test_student_status.TestSingleChangeAndHistory" name="test_change_to_repeat_keeps_active" time="0.230" /><testcase classname="backend.tests.test_student_status.TestSingleChangeAndHistory" name="test_change_to_graduated_sets_inactive_and_date" time="0.365" /><testcase classname="backend.tests.test_student_status.TestSingleChangeAndHistory" name="test_change_to_expelled_sets_inactive_and_date" time="0.387" /><testcase classname="backend.tests.test_student_status.TestSingleChangeAndHistory" name="test_change_to_frozen_sets_inactive_and_date" time="0.351" /><testcase classname="backend.tests.test_student_status.TestSingleChangeAndHistory" name="test_invalid_status_returns_400" time="0.109" /><testcase classname="backend.tests.test_student_status.TestSingleChangeAndHistory" name="test_history_accumulates_changes" time="0.476" /><testcase classname="backend.tests.test_student_status.TestSingleChangeAndHistory" name="test_repeat_with_lower_level" time="0.339" /><testcase classname="backend.tests.test_student_status.TestBulkChange" name="test_bulk_change_two_students" time="0.131" /><testcase classname="backend.tests.test_student_status.TestBulkChange" name="test_bulk_with_bad_id_partial_fail" time="0.105" /><testcase classname="backend.tests.test_student_status.TestBulkChange" name="test_bulk_invalid_status" time="0.106" /><testcase classname="backend.tests.test_student_status.TestRBAC" name="test_teacher_bulk_change_403" time="0.136" /><testcase classname="backend.tests.test_student_status.TestRBAC" name="test_teacher_single_change_403" time="0.108" /><testcase classname="backend.tests.test_student_status.TestRBAC" name="test_no_auth_returns_401_or_403" time="0.110" /></testsuite></testsuites>