<?xml version="1.0" encoding="utf-8"?><testsuites name="pytest tests"><testsuite name="pytest" errors="0" failures="0" skipped="0" tests="7" time="4.813" timestamp="2026-03-07T01:21:15.742416+00:00" hostname="agent-env-1f9f4ca7-e394-4400-a2a2-c89734daeafc"><testcase classname="backend.tests.test_teacher_department_fix.TestTeacherDepartmentIdsFix" name="test_create_teacher_with_department_ids_array" time="0.893" /><testcase classname="backend.tests.test_teacher_department_fix.TestTeacherDepartmentIdsFix" name="test_update_teacher_with_department_ids_array" time="0.854" /><testcase classname="backend.tests.test_teacher_department_fix.TestTeacherDepartmentIdsFix" name="test_get_teachers_returns_department_id" time="0.561" /><testcase classname="backend.tests.test_teacher_department_fix.TestCourseTeacherNameFix" name="test_get_courses_returns_teacher_name" time="0.439" /><testcase classname="backend.tests.test_teacher_department_fix.TestTeacherFilterByDepartment" name="test_get_teachers_with_department_filter" time="0.541" /><testcase classname="backend.tests.test_teacher_department_fix.TestDepartmentDeleteProtection" name="test_delete_department_with_data_returns_arabic_error" time="0.595" /><testcase classname="backend.tests.test_teacher_department_fix.TestDepartmentDeleteProtection" name="test_delete_course_with_enrollments_returns_arabic_error" time="0.866" /></testsuite></testsuites>