<?xml version="1.0" encoding="utf-8"?><testsuites name="pytest tests"><testsuite name="pytest" errors="0" failures="0" skipped="0" tests="6" time="2.083" timestamp="2026-06-16T02:29:39.829727+00:00" hostname="agent-env-09acf16a-7ac0-4f4f-bdd8-550445b492cb"><testcase classname="backend.tests.test_teaching_load_report.TestAdvancedReport" name="test_report_by_department_and_active_semester" time="0.913" /><testcase classname="backend.tests.test_teaching_load_report.TestAdvancedReport" name="test_report_all_departments" time="0.526" /><testcase classname="backend.tests.test_teaching_load_report.TestAdvancedReport" name="test_report_teacher_comparison_shape" time="0.101" /><testcase classname="backend.tests.test_teaching_load_report.TestAdvancedReport" name="test_report_by_teacher_only" time="0.217" /><testcase classname="backend.tests.test_teaching_load_report.TestAdvancedReport" name="test_report_without_filters_returns_global" time="0.127" /><testcase classname="backend.tests.test_teaching_load_report.TestAdvancedReport" name="test_report_unauthorized" time="0.134" /></testsuite></testsuites>