<?xml version="1.0" encoding="utf-8"?><testsuites name="pytest tests"><testsuite name="pytest" errors="0" failures="0" skipped="4" tests="7" time="3.492" timestamp="2026-03-12T23:48:12.382019+00:00" hostname="agent-env-d7d43300-b118-4938-9b2f-fb9bb32ba942"><testcase classname="backend.tests.test_teacher_conflict.TestTeacherLectureConflict" name="test_create_lecture_conflict_detection" time="0.603"><skipped type="pytest.skip" message="Could not fetch lectures: 404">/app/backend/tests/test_teacher_conflict.py:60: Could not fetch lectures: 404</skipped></testcase><testcase classname="backend.tests.test_teacher_conflict.TestTeacherLectureConflict" name="test_create_lecture_no_conflict" time="0.562" /><testcase classname="backend.tests.test_teacher_conflict.TestTeacherLectureConflict" name="test_reschedule_conflict_detection" time="0.424"><skipped type="pytest.skip" message="Could not fetch lectures: 404">/app/backend/tests/test_teacher_conflict.py:143: Could not fetch lectures: 404</skipped></testcase><testcase classname="backend.tests.test_teacher_conflict.TestTeacherLectureConflict" name="test_reschedule_no_conflict" time="0.606" /><testcase classname="backend.tests.test_teacher_conflict.TestTeacherLectureConflict" name="test_reschedule_rejects_past_date" time="0.399"><skipped type="pytest.skip" message="Could not fetch lectures: 404">/app/backend/tests/test_teacher_conflict.py:230: Could not fetch lectures: 404</skipped></testcase><testcase classname="backend.tests.test_teacher_conflict.TestTeacherLectureConflict" name="test_conflict_message_includes_details" time="0.413"><skipped type="pytest.skip" message="Could not fetch lectures">/app/backend/tests/test_teacher_conflict.py:278: Could not fetch lectures</skipped></testcase><testcase classname="backend.tests.test_teacher_conflict.TestCreateLecturePastDateRestriction" name="test_create_lecture_past_date_rejected" time="0.418" /></testsuite></testsuites>