<?xml version="1.0" encoding="utf-8"?><testsuites name="pytest tests"><testsuite name="pytest" errors="0" failures="0" skipped="0" tests="4" time="1.261" timestamp="2026-06-28T23:44:25.217423+00:00" hostname="agent-env-09acf16a-7ac0-4f4f-bdd8-550445b492cb"><testcase classname="backend.tests.test_teaching_load_semester_fix" name="test_no_orphan_teaching_loads_after_startup" time="0.005" /><testcase classname="backend.tests.test_teaching_load_semester_fix" name="test_backfill_semester_endpoint" time="0.594" /><testcase classname="backend.tests.test_teaching_load_semester_fix" name="test_assign_teacher_creates_visible_teaching_load" time="0.380" /><testcase classname="backend.tests.test_teaching_load_semester_fix" name="test_default_filter_uses_active_semester" time="0.093" /></testsuite></testsuites>