<?xml version="1.0" encoding="utf-8"?><testsuites name="pytest tests"><testsuite name="pytest" errors="0" failures="0" skipped="1" tests="11" time="4.559" timestamp="2026-03-08T03:12:48.549124+00:00" hostname="agent-env-5f24cecf-6dc5-48e5-ac80-89bef21ad971"><testcase classname="backend.tests.test_teacher_delays.TestTeacherDelaysAPI" name="test_teacher_delays_returns_valid_structure" time="0.496" /><testcase classname="backend.tests.test_teacher_delays.TestTeacherDelaysAPI" name="test_teacher_delays_with_department_filter" time="0.569" /><testcase classname="backend.tests.test_teacher_delays.TestTeacherDelaysAPI" name="test_teacher_delays_requires_auth" time="0.116" /><testcase classname="backend.tests.test_teacher_delays.TestTeacherDelaysAPI" name="test_teacher_delays_requires_view_reports_permission" time="0.443" /><testcase classname="backend.tests.test_teacher_delays.TestTeacherDelaysAPI" name="test_teacher_delays_dean_can_view" time="0.112"><skipped type="pytest.skip" message="Dean user not available in this environment">/app/backend/tests/test_teacher_delays.py:103: Dean user not available in this environment</skipped></testcase><testcase classname="backend.tests.test_teacher_delays.TestTeacherDelaysAPI" name="test_teacher_delays_export_returns_xlsx" time="0.460" /><testcase classname="backend.tests.test_teacher_delays.TestTeacherDelaysAPI" name="test_teacher_delays_export_requires_export_permission" time="0.465" /><testcase classname="backend.tests.test_teacher_delays.TestTeacherDelaysAPI" name="test_teacher_delays_export_with_filters" time="0.465" /><testcase classname="backend.tests.test_teacher_delays.TestTeacherDelaysAPI" name="test_teacher_data_structure_if_exists" time="0.473" /><testcase classname="backend.tests.test_teacher_delays.TestTeacherDelaysPermissions" name="test_admin_has_view_reports_permission" time="0.430" /><testcase classname="backend.tests.test_teacher_delays.TestTeacherDelaysPermissions" name="test_admin_has_export_reports_permission" time="0.476" /></testsuite></testsuites>