<?xml version="1.0" encoding="utf-8"?><testsuites name="pytest tests"><testsuite name="pytest" errors="0" failures="0" skipped="3" tests="11" time="5.773" timestamp="2026-04-15T23:00:40.492976+00:00" hostname="agent-env-09acf16a-7ac0-4f4f-bdd8-550445b492cb"><testcase classname="backend.tests.test_teaching_load.TestTeachingLoadAPI" name="test_login_success" time="0.886" /><testcase classname="backend.tests.test_teaching_load.TestTeachingLoadAPI" name="test_get_teaching_loads_empty_initially" time="0.405" /><testcase classname="backend.tests.test_teaching_load.TestTeachingLoadAPI" name="test_get_teaching_loads_requires_auth" time="0.466" /><testcase classname="backend.tests.test_teaching_load.TestTeachingLoadAPI" name="test_get_departments" time="0.443" /><testcase classname="backend.tests.test_teaching_load.TestTeachingLoadAPI" name="test_get_teachers_by_department" time="0.440" /><testcase classname="backend.tests.test_teaching_load.TestTeachingLoadAPI" name="test_get_teacher_courses_for_load" time="0.477" /><testcase classname="backend.tests.test_teaching_load.TestTeachingLoadAPI" name="test_create_teaching_load" time="0.453"><skipped type="pytest.skip" message="No courses available for teacher">/app/backend/tests/test_teaching_load.py:129: No courses available for teacher</skipped></testcase><testcase classname="backend.tests.test_teaching_load.TestTeachingLoadAPI" name="test_bulk_save_teaching_load" time="0.483"><skipped type="pytest.skip" message="Not enough courses for bulk test">/app/backend/tests/test_teaching_load.py:165: Not enough courses for bulk test</skipped></testcase><testcase classname="backend.tests.test_teaching_load.TestTeachingLoadAPI" name="test_get_teaching_loads_filter_by_department" time="0.498" /><testcase classname="backend.tests.test_teaching_load.TestTeachingLoadAPI" name="test_delete_teaching_load" time="0.494"><skipped type="pytest.skip" message="No courses available for teacher">/app/backend/tests/test_teaching_load.py:219: No courses available for teacher</skipped></testcase><testcase classname="backend.tests.test_teaching_load.TestTeachingLoadAPI" name="test_teaching_load_requires_permission" time="0.655" /></testsuite></testsuites>