<?xml version="1.0" encoding="utf-8"?><testsuites name="pytest tests"><testsuite name="pytest" errors="0" failures="0" skipped="0" tests="7" time="1.475" timestamp="2026-06-29T00:12:47.389169+00:00" hostname="agent-env-09acf16a-7ac0-4f4f-bdd8-550445b492cb"><testcase classname="backend.tests.test_teaching_load_semester_backfill" name="test_backfill_endpoint_responds_with_expected_shape" time="0.743" /><testcase classname="backend.tests.test_teaching_load_semester_backfill" name="test_backfill_is_idempotent" time="0.315" /><testcase classname="backend.tests.test_teaching_load_semester_backfill" name="test_mongo_invariant_load_semester_matches_course_semester" time="0.117" /><testcase classname="backend.tests.test_teaching_load_semester_backfill" name="test_no_load_in_active_semester_with_old_course" time="0.002" /><testcase classname="backend.tests.test_teaching_load_semester_backfill" name="test_orphan_courses_yield_orphan_loads" time="0.001" /><testcase classname="backend.tests.test_teaching_load_semester_backfill" name="test_api_listing_active_semester_only_returns_active_courses" time="0.102" /><testcase classname="backend.tests.test_teaching_load_semester_backfill" name="test_startup_migration_ran_without_exception" time="0.004" /></testsuite></testsuites>