<?xml version="1.0" encoding="utf-8"?><testsuites name="pytest tests"><testsuite name="pytest" errors="0" failures="1" skipped="0" tests="4" time="2.019" timestamp="2026-06-15T21:51:49.785337+00:00" hostname="agent-env-09acf16a-7ac0-4f4f-bdd8-550445b492cb"><testcase classname="backend.tests.test_teacher_courses_assign.TestTeacherCoursesEndpoint" name="test_get_teacher_courses_shape" time="0.675" /><testcase classname="backend.tests.test_teacher_courses_assign.TestSearchCourses" name="test_search_courses_empty_query" time="0.144" /><testcase classname="backend.tests.test_teacher_courses_assign.TestSearchCourses" name="test_search_courses_query" time="0.132" /><testcase classname="backend.tests.test_teacher_courses_assign.TestAssignUnassignRoundtrip" name="test_bulk_assign_then_unassign" time="0.995"><failure message="AssertionError: Course still present after unassign&#10;assert '6a21bee1ddb8d04530cf65f6' not in {'6a21bee1ddb8d04530cf65f6'}">backend/tests/test_teacher_courses_assign.py:153: in test_bulk_assign_then_unassign
    assert course_id not in ids_after_unassign, \
E   AssertionError: Course still present after unassign
E   assert '6a21bee1ddb8d04530cf65f6' not in {'6a21bee1ddb8d04530cf65f6'}</failure></testcase></testsuite></testsuites>