<?xml version="1.0" encoding="utf-8"?><testsuites name="pytest tests"><testsuite name="pytest" errors="0" failures="0" skipped="0" tests="4" time="1.878" timestamp="2026-06-15T21:57:29.505229+00:00" hostname="agent-env-09acf16a-7ac0-4f4f-bdd8-550445b492cb"><testcase classname="backend.tests.test_teacher_courses_assign.TestTeacherCoursesEndpoint" name="test_get_teacher_courses_shape" time="0.548" /><testcase classname="backend.tests.test_teacher_courses_assign.TestSearchCourses" name="test_search_courses_empty_query" time="0.104" /><testcase classname="backend.tests.test_teacher_courses_assign.TestSearchCourses" name="test_search_courses_query" time="0.119" /><testcase classname="backend.tests.test_teacher_courses_assign.TestAssignUnassignRoundtrip" name="test_bulk_assign_then_unassign" time="1.058" /></testsuite></testsuites>