<?xml version="1.0" encoding="utf-8"?><testsuites name="pytest tests"><testsuite name="pytest" errors="0" failures="0" skipped="0" tests="16" time="3.430" timestamp="2026-02-26T06:19:38.324288+00:00" hostname="agent-env-d231a3e4-564e-43c7-be90-48cae76b162d"><testcase classname="backend.tests.test_absent_lectures.TestAbsentLectures" name="test_01_health_check" time="0.245" /><testcase classname="backend.tests.test_absent_lectures.TestAbsentLectures" name="test_02_admin_login" time="0.384" /><testcase classname="backend.tests.test_absent_lectures.TestAbsentLectures" name="test_03_get_course_lectures_returns_lectures" time="0.145" /><testcase classname="backend.tests.test_absent_lectures.TestAbsentLectures" name="test_04_verify_absent_status_in_lectures" time="0.131" /><testcase classname="backend.tests.test_absent_lectures.TestAbsentLectures" name="test_05_admin_can_update_lecture_status_to_absent" time="0.120" /><testcase classname="backend.tests.test_absent_lectures.TestAbsentLectures" name="test_06_admin_can_override_absent_to_scheduled" time="0.114" /><testcase classname="backend.tests.test_absent_lectures.TestAbsentLectures" name="test_07_status_override_prevents_auto_revert" time="0.370" /><testcase classname="backend.tests.test_absent_lectures.TestAbsentLectures" name="test_08_admin_can_set_status_to_completed" time="0.117" /><testcase classname="backend.tests.test_absent_lectures.TestAbsentLectures" name="test_09_admin_can_set_status_to_cancelled" time="0.136" /><testcase classname="backend.tests.test_absent_lectures.TestAbsentLectures" name="test_10_invalid_status_returns_error" time="0.102" /><testcase classname="backend.tests.test_absent_lectures.TestAbsentLectures" name="test_11_restore_test_lecture_to_absent" time="0.124" /><testcase classname="backend.tests.test_absent_lectures.TestNonAdminCannotOverrideStatus" name="test_12_teacher_cannot_update_lecture_status" time="0.566" /><testcase classname="backend.tests.test_absent_lectures.TestNonAdminCannotOverrideStatus" name="test_13_unauthenticated_cannot_update_status" time="0.102" /><testcase classname="backend.tests.test_absent_lectures.TestAutoAbsentLogic" name="test_14_get_today_lectures_endpoint_exists" time="0.491" /><testcase classname="backend.tests.test_absent_lectures.TestAutoAbsentLogic" name="test_15_get_month_lectures_endpoint_exists" time="0.104" /><testcase classname="backend.tests.test_absent_lectures.TestAutoAbsentLogic" name="test_16_verify_lecture_statuses_are_valid" time="0.109" /></testsuite></testsuites>