<?xml version="1.0" encoding="utf-8"?><testsuites name="pytest tests"><testsuite name="pytest" errors="0" failures="0" skipped="1" tests="16" time="5.820" timestamp="2026-02-26T04:11:24.911288+00:00" hostname="agent-env-a9641353-416a-4262-92dd-0ed3cc501310"><testcase classname="backend.tests.test_bulk_operations.TestBulkOperations" name="test_bulk_copy_endpoint_exists" time="0.629" /><testcase classname="backend.tests.test_bulk_operations.TestBulkOperations" name="test_bulk_copy_missing_data" time="0.156" /><testcase classname="backend.tests.test_bulk_operations.TestBulkOperations" name="test_bulk_copy_invalid_target_course" time="0.144" /><testcase classname="backend.tests.test_bulk_operations.TestBulkOperations" name="test_bulk_copy_success" time="0.882" /><testcase classname="backend.tests.test_bulk_operations.TestBulkOperations" name="test_bulk_copy_already_enrolled" time="0.493"><skipped type="pytest.skip" message="Failed to enroll student in target course">/app/backend/tests/test_bulk_operations.py:199: Failed to enroll student in target course</skipped></testcase><testcase classname="backend.tests.test_bulk_operations.TestBulkOperations" name="test_bulk_move_endpoint_exists" time="0.173" /><testcase classname="backend.tests.test_bulk_operations.TestBulkOperations" name="test_bulk_move_missing_data" time="0.104" /><testcase classname="backend.tests.test_bulk_operations.TestBulkOperations" name="test_bulk_move_invalid_target_course" time="0.104" /><testcase classname="backend.tests.test_bulk_operations.TestBulkOperations" name="test_bulk_move_success" time="1.067" /><testcase classname="backend.tests.test_bulk_operations.TestBulkOperations" name="test_bulk_change_level_endpoint_exists" time="0.107" /><testcase classname="backend.tests.test_bulk_operations.TestBulkOperations" name="test_bulk_change_level_missing_data" time="0.121" /><testcase classname="backend.tests.test_bulk_operations.TestBulkOperations" name="test_bulk_change_level_success" time="0.474" /><testcase classname="backend.tests.test_bulk_operations.TestBulkOperations" name="test_bulk_change_level_to_different_values" time="0.642" /><testcase classname="backend.tests.test_bulk_operations.TestBulkOperations" name="test_bulk_operations_require_admin" time="0.000" /><testcase classname="backend.tests.test_bulk_operations.TestEnrollmentEndpoint" name="test_get_enrollments" time="0.537" /><testcase classname="backend.tests.test_bulk_operations.TestEnrollmentEndpoint" name="test_get_enrollments_nonexistent_course" time="0.115" /></testsuite></testsuites>