<?xml version="1.0" encoding="utf-8"?><testsuites name="pytest tests"><testsuite name="pytest" errors="0" failures="0" skipped="0" tests="10" time="3.737" timestamp="2026-02-21T22:24:17.969357+00:00" hostname="agent-env-91f61221-3a83-48ff-8044-9a61bb6e3e1f"><testcase classname="backend.tests.test_multi_department.TestMultiDepartmentSupport" name="test_get_users_returns_department_ids" time="0.534" /><testcase classname="backend.tests.test_multi_department.TestMultiDepartmentSupport" name="test_get_users_returns_department_names" time="0.116" /><testcase classname="backend.tests.test_multi_department.TestMultiDepartmentSupport" name="test_existing_seaaad_user_has_multiple_departments" time="0.114" /><testcase classname="backend.tests.test_multi_department.TestMultiDepartmentSupport" name="test_create_user_with_multiple_departments" time="0.685" /><testcase classname="backend.tests.test_multi_department.TestMultiDepartmentSupport" name="test_update_user_with_multiple_departments" time="0.727" /><testcase classname="backend.tests.test_multi_department.TestMultiDepartmentSupport" name="test_update_user_remove_departments" time="0.720" /><testcase classname="backend.tests.test_multi_department.TestMultiDepartmentSupport" name="test_department_head_scope_filter_setup" time="0.154" /><testcase classname="backend.tests.test_multi_department.TestHealthCheck" name="test_api_health" time="0.126" /><testcase classname="backend.tests.test_multi_department.TestAuthentication" name="test_admin_login" time="0.372" /><testcase classname="backend.tests.test_multi_department.TestAuthentication" name="test_invalid_login" time="0.116" /></testsuite></testsuites>