<?xml version="1.0" encoding="utf-8"?><testsuites name="pytest tests"><testsuite name="pytest" errors="0" failures="0" skipped="2" tests="14" time="3.040" timestamp="2026-02-24T22:39:50.882146+00:00" hostname="agent-env-7c9db4be-9be9-455f-8e0d-93845d98f2a8"><testcase classname="tests.test_notifications.TestNotificationsAPI" name="test_health_check" time="0.149" /><testcase classname="tests.test_notifications.TestNotificationsAPI" name="test_firebase_sdk_initialized" time="0.840" /><testcase classname="tests.test_notifications.TestNotificationsAPI" name="test_register_token_success" time="0.139" /><testcase classname="tests.test_notifications.TestNotificationsAPI" name="test_register_token_duplicate" time="0.226" /><testcase classname="tests.test_notifications.TestNotificationsAPI" name="test_register_token_requires_auth" time="0.113" /><testcase classname="tests.test_notifications.TestNotificationsAPI" name="test_send_notification_admin_success" time="0.139" /><testcase classname="tests.test_notifications.TestNotificationsAPI" name="test_send_notification_to_role" time="0.118" /><testcase classname="tests.test_notifications.TestNotificationsAPI" name="test_send_notification_to_user_ids" time="0.112" /><testcase classname="tests.test_notifications.TestNotificationsAPI" name="test_send_notification_non_admin_forbidden" time="0.127"><skipped type="pytest.skip" message="No non-admin user available for testing">/app/backend/tests/test_notifications.py:172: No non-admin user available for testing</skipped></testcase><testcase classname="tests.test_notifications.TestNotificationsAPI" name="test_send_notification_requires_auth" time="0.108" /><testcase classname="tests.test_notifications.TestNotificationsAPI" name="test_notification_history_admin" time="0.239" /><testcase classname="tests.test_notifications.TestNotificationsAPI" name="test_notification_history_non_admin_forbidden" time="0.000"><skipped type="pytest.skip" message="No non-admin user available for testing">/app/backend/tests/test_notifications.py:217: No non-admin user available for testing</skipped></testcase><testcase classname="tests.test_notifications.TestNotificationsAPI" name="test_notification_history_requires_auth" time="0.163" /><testcase classname="tests.test_notifications.TestDashboardIntegration" name="test_dashboard_stats" time="0.495" /></testsuite></testsuites>