<?xml version="1.0" encoding="utf-8"?><testsuites name="pytest tests"><testsuite name="pytest" errors="0" failures="0" skipped="0" tests="13" time="3.132" timestamp="2026-02-25T00:15:02.962233+00:00" hostname="agent-env-7c9db4be-9be9-455f-8e0d-93845d98f2a8"><testcase classname="backend.tests.test_notification_management.TestNotificationManagementAPI" name="test_health_check" time="0.292" /><testcase classname="backend.tests.test_notification_management.TestNotificationManagementAPI" name="test_stats_endpoint_returns_200" time="0.591" /><testcase classname="backend.tests.test_notification_management.TestNotificationManagementAPI" name="test_stats_requires_auth" time="0.131" /><testcase classname="backend.tests.test_notification_management.TestNotificationManagementAPI" name="test_send_notification_target_all" time="0.374" /><testcase classname="backend.tests.test_notification_management.TestNotificationManagementAPI" name="test_send_notification_target_role_teacher" time="0.268" /><testcase classname="backend.tests.test_notification_management.TestNotificationManagementAPI" name="test_send_notification_target_role_student" time="0.228" /><testcase classname="backend.tests.test_notification_management.TestNotificationManagementAPI" name="test_send_notification_target_role_admin" time="0.133" /><testcase classname="backend.tests.test_notification_management.TestNotificationManagementAPI" name="test_send_notification_target_role_employee" time="0.145" /><testcase classname="backend.tests.test_notification_management.TestNotificationManagementAPI" name="test_history_endpoint_returns_notifications" time="0.130" /><testcase classname="backend.tests.test_notification_management.TestNotificationManagementAPI" name="test_history_requires_auth" time="0.241" /><testcase classname="backend.tests.test_notification_management.TestNotificationManagementAPI" name="test_send_notification_missing_title" time="0.288" /><testcase classname="backend.tests.test_notification_management.TestNotificationManagementAPI" name="test_send_notification_missing_body" time="0.116" /><testcase classname="backend.tests.test_notification_management.TestNotificationManagementAPI" name="test_send_notification_requires_auth" time="0.118" /></testsuite></testsuites>