<?xml version="1.0" encoding="utf-8"?><testsuites name="pytest tests"><testsuite name="pytest" errors="0" failures="0" skipped="0" tests="6" time="3.144" timestamp="2026-02-24T22:02:06.500673+00:00" hostname="agent-env-7c9db4be-9be9-455f-8e0d-93845d98f2a8"><testcase classname="backend.tests.test_pdf_export.TestPDFExport" name="test_pdf_export_returns_valid_pdf" time="0.565" /><testcase classname="backend.tests.test_pdf_export.TestPDFExport" name="test_pdf_export_404_for_nonexistent_lecture" time="0.482" /><testcase classname="backend.tests.test_pdf_export.TestPDFExport" name="test_pdf_export_401_without_authentication" time="0.509" /><testcase classname="backend.tests.test_pdf_export.TestPDFExport" name="test_pdf_export_invalid_lecture_id_format" time="0.485" /><testcase classname="backend.tests.test_pdf_export.TestLectureEndpoints" name="test_lecture_details_endpoint" time="0.547" /><testcase classname="backend.tests.test_pdf_export.TestLectureEndpoints" name="test_course_lectures_endpoint" time="0.499" /></testsuite></testsuites>