<?xml version="1.0" encoding="utf-8"?><testsuites name="pytest tests"><testsuite name="pytest" errors="0" failures="0" skipped="0" tests="10" time="4.565" timestamp="2026-02-28T00:14:24.963280+00:00" hostname="agent-env-e38ec181-21b5-422e-ba98-d40ac815e033"><testcase classname="tests.test_permissions_sidebar.TestStudentLogin" name="test_student_login_success" time="0.529" /><testcase classname="tests.test_permissions_sidebar.TestStudentLogin" name="test_student_permissions_from_login" time="0.361" /><testcase classname="tests.test_permissions_sidebar.TestStudentLogin" name="test_student_auth_me_permissions" time="0.446" /><testcase classname="tests.test_permissions_sidebar.TestStudentLogin" name="test_student_report_api_access" time="0.407" /><testcase classname="tests.test_permissions_sidebar.TestTeacherLogin" name="test_teacher_login_success" time="0.371" /><testcase classname="tests.test_permissions_sidebar.TestTeacherLogin" name="test_teacher_permissions_from_login" time="0.380" /><testcase classname="tests.test_permissions_sidebar.TestTeacherLogin" name="test_teacher_auth_me_permissions" time="0.414" /><testcase classname="tests.test_permissions_sidebar.TestTeacherLogin" name="test_teacher_report_apis_access" time="0.627" /><testcase classname="tests.test_permissions_sidebar.TestAdminLogin" name="test_admin_login_success" time="0.359" /><testcase classname="tests.test_permissions_sidebar.TestAdminLogin" name="test_admin_all_apis_access" time="0.602" /></testsuite></testsuites>