<?xml version="1.0" encoding="utf-8"?><testsuites name="pytest tests"><testsuite name="pytest" errors="0" failures="0" skipped="1" tests="9" time="3.488" timestamp="2026-02-20T14:08:16.157665+00:00" hostname="agent-env-ffc7b546-f657-4e75-868b-9360667123fc"><testcase classname="backend.tests.test_reports_permissions.TestHealth" name="test_api_health" time="0.155" /><testcase classname="backend.tests.test_reports_permissions.TestAuthentication" name="test_admin_login" time="0.352" /><testcase classname="backend.tests.test_reports_permissions.TestAuthentication" name="test_test_user_login" time="0.114"><skipped type="pytest.skip" message="Test user doesn't exist">/app/backend/tests/test_reports_permissions.py:71: Test user doesn't exist</skipped></testcase><testcase classname="backend.tests.test_reports_permissions.TestPermissionsAPI" name="test_get_all_permissions_returns_individual_reports" time="0.459" /><testcase classname="backend.tests.test_reports_permissions.TestPermissionsAPI" name="test_permissions_have_arabic_labels" time="0.492" /><testcase classname="backend.tests.test_reports_permissions.TestDefaultPermissions" name="test_admin_has_all_report_permissions" time="0.484" /><testcase classname="backend.tests.test_reports_permissions.TestDefaultPermissions" name="test_teacher_has_limited_report_permissions" time="0.468" /><testcase classname="backend.tests.test_reports_permissions.TestRolesAPI" name="test_get_all_roles" time="0.564" /><testcase classname="backend.tests.test_reports_permissions.TestLoginReturnsPermissions" name="test_admin_login_returns_permissions" time="0.350" /></testsuite></testsuites>