<?xml version="1.0" encoding="utf-8"?><testsuites name="pytest tests"><testsuite name="pytest" errors="0" failures="0" skipped="0" tests="13" time="3.000" timestamp="2026-02-23T22:27:33.854855+00:00" hostname="agent-env-085c1480-eb49-49d6-b252-73ba30cce6ab"><testcase classname="tests.test_regression_models.TestLogin" name="test_login_admin_success" time="0.538" /><testcase classname="tests.test_regression_models.TestLogin" name="test_login_invalid_credentials" time="0.179" /><testcase classname="tests.test_regression_models.TestDepartments" name="test_get_departments" time="0.517" /><testcase classname="tests.test_regression_models.TestCourses" name="test_get_courses" time="0.177" /><testcase classname="tests.test_regression_models.TestStudents" name="test_get_students" time="0.137" /><testcase classname="tests.test_regression_models.TestTeachers" name="test_get_teachers" time="0.178" /><testcase classname="tests.test_regression_models.TestReports" name="test_get_reports_summary" time="0.131" /><testcase classname="tests.test_regression_models.TestSettings" name="test_get_settings" time="0.170" /><testcase classname="tests.test_regression_models.TestMySchedule" name="test_get_today_lectures" time="0.130" /><testcase classname="tests.test_regression_models.TestAuthMe" name="test_get_auth_me" time="0.207" /><testcase classname="tests.test_regression_models.TestFaculties" name="test_get_faculties" time="0.130" /><testcase classname="tests.test_regression_models.TestUsers" name="test_get_users" time="0.192" /><testcase classname="tests.test_regression_models.TestRoles" name="test_get_roles" time="0.123" /></testsuite></testsuites>