<?xml version="1.0" encoding="utf-8"?><testsuites name="pytest tests"><testsuite name="pytest" errors="0" failures="0" skipped="0" tests="14" time="58.081" timestamp="2026-02-28T01:53:21.355629+00:00" hostname="agent-env-e38ec181-21b5-422e-ba98-d40ac815e033"><testcase classname="tests.test_role_scoped_data_access.TestRoleScopedDataAccess" name="test_teacher_login" time="1.487" /><testcase classname="tests.test_role_scoped_data_access.TestRoleScopedDataAccess" name="test_teacher_workload_returns_only_own_data" time="1.262" /><testcase classname="tests.test_role_scoped_data_access.TestRoleScopedDataAccess" name="test_teacher_attendance_overview_returns_only_own_courses" time="1.171" /><testcase classname="tests.test_role_scoped_data_access.TestRoleScopedDataAccess" name="test_teacher_courses_returns_only_own_courses" time="1.240" /><testcase classname="tests.test_role_scoped_data_access.TestRoleScopedDataAccess" name="test_teacher_students_returns_only_enrolled_students" time="1.225" /><testcase classname="tests.test_role_scoped_data_access.TestRoleScopedDataAccess" name="test_student_login" time="1.397" /><testcase classname="tests.test_role_scoped_data_access.TestRoleScopedDataAccess" name="test_student_me_endpoint" time="1.199" /><testcase classname="tests.test_role_scoped_data_access.TestRoleScopedDataAccess" name="test_admin_login" time="1.454" /><testcase classname="tests.test_role_scoped_data_access.TestRoleScopedDataAccess" name="test_admin_full_access_teacher_workload" time="1.219" /><testcase classname="tests.test_role_scoped_data_access.TestRoleScopedDataAccess" name="test_admin_full_access_courses" time="1.174" /><testcase classname="tests.test_role_scoped_data_access.TestRoleScopedDataAccess" name="test_admin_full_access_students" time="1.157" /><testcase classname="tests.test_role_scoped_data_access.TestRoleScopedDataAccess" name="test_compare_teacher_vs_admin_courses" time="1.274" /><testcase classname="tests.test_role_scoped_data_access.TestRoleScopedDataAccess" name="test_compare_teacher_vs_admin_students" time="40.392" /><testcase classname="tests.test_role_scoped_data_access.TestRoleScopedDataAccess" name="test_compare_teacher_vs_admin_workload_reports" time="2.378" /></testsuite></testsuites>