<?xml version="1.0" encoding="utf-8"?><testsuites name="pytest tests"><testsuite name="pytest" errors="0" failures="0" skipped="0" tests="13" time="4.434" timestamp="2026-02-26T03:21:36.130402+00:00" hostname="agent-env-a9641353-416a-4262-92dd-0ed3cc501310"><testcase classname="backend.tests.test_safe_delete_restore.TestHealthCheck" name="test_api_health" time="0.210" /><testcase classname="backend.tests.test_safe_delete_restore.TestTeacherBackupInfo" name="test_backup_info_returns_valid_structure" time="0.568" /><testcase classname="backend.tests.test_safe_delete_restore.TestTeacherBackupInfo" name="test_backup_info_requires_auth" time="0.130" /><testcase classname="backend.tests.test_safe_delete_restore.TestTeacherBackupInfo" name="test_backup_info_invalid_teacher" time="0.113" /><testcase classname="backend.tests.test_safe_delete_restore.TestStudentBackupInfo" name="test_backup_info_returns_valid_structure" time="0.133" /><testcase classname="backend.tests.test_safe_delete_restore.TestStudentBackupInfo" name="test_backup_info_requires_auth" time="0.143" /><testcase classname="backend.tests.test_safe_delete_restore.TestStudentBackupInfo" name="test_backup_info_invalid_student" time="0.123" /><testcase classname="backend.tests.test_safe_delete_restore.TestTeacherSafeDeleteRestore" name="test_full_safe_delete_restore_flow" time="1.169" /><testcase classname="backend.tests.test_safe_delete_restore.TestTeacherSafeDeleteRestore" name="test_restore_invalid_backup_type" time="0.201" /><testcase classname="backend.tests.test_safe_delete_restore.TestTeacherSafeDeleteRestore" name="test_safe_delete_requires_auth" time="0.147" /><testcase classname="backend.tests.test_safe_delete_restore.TestStudentSafeDeleteRestore" name="test_full_safe_delete_restore_flow" time="1.170" /><testcase classname="backend.tests.test_safe_delete_restore.TestStudentSafeDeleteRestore" name="test_restore_invalid_backup_type" time="0.112" /><testcase classname="backend.tests.test_safe_delete_restore.TestStudentSafeDeleteRestore" name="test_safe_delete_requires_auth" time="0.135" /></testsuite></testsuites>