<?xml version="1.0" encoding="utf-8"?><testsuites name="pytest tests"><testsuite name="pytest" errors="0" failures="0" skipped="0" tests="10" time="4.528" timestamp="2026-02-26T14:09:06.412369+00:00" hostname="agent-env-d231a3e4-564e-43c7-be90-48cae76b162d"><testcase classname="backend.tests.test_semester_report_pdf.TestSemesterReportPDF" name="test_semester_report_pdf_basic" time="0.761" /><testcase classname="backend.tests.test_semester_report_pdf.TestSemesterReportPDF" name="test_semester_report_pdf_with_course_filter" time="0.553" /><testcase classname="backend.tests.test_semester_report_pdf.TestSemesterReportPDF" name="test_semester_report_pdf_with_department_filter" time="0.740" /><testcase classname="backend.tests.test_semester_report_pdf.TestSemesterReportPDF" name="test_semester_report_pdf_with_both_filters" time="0.667" /><testcase classname="backend.tests.test_semester_report_pdf.TestSemesterReportPDF" name="test_semester_report_pdf_unauthenticated" time="0.518" /><testcase classname="backend.tests.test_semester_report_pdf.TestSemesterReportPDF" name="test_semester_report_pdf_invalid_course_id" time="0.592" /><testcase classname="backend.tests.test_semester_report_pdf.TestSemesterReportPDF" name="test_semester_report_pdf_content_disposition" time="0.647" /><testcase classname="backend.tests.test_semester_report_pdf.TestExportAPIExists" name="test_export_api_function_exists" time="0.000" /><testcase classname="backend.tests.test_semester_report_pdf.TestFrontendUIElements" name="test_reports_tsx_has_semester_button" time="0.000" /><testcase classname="backend.tests.test_semester_report_pdf.TestFrontendUIElements" name="test_reports_tsx_has_dropdown_filters" time="0.000" /></testsuite></testsuites>