<?xml version="1.0" encoding="utf-8"?><testsuites name="pytest tests"><testsuite name="pytest" errors="0" failures="0" skipped="0" tests="12" time="5.937" timestamp="2026-02-21T14:38:41.241743+00:00" hostname="agent-env-a8aefaac-0cf7-400f-a674-3d628f10cc74"><testcase classname="tests.test_student_import.TestStudentImportAPIs" name="test_api_health" time="0.475" /><testcase classname="tests.test_student_import.TestStudentImportAPIs" name="test_admin_login" time="0.638" /><testcase classname="tests.test_student_import.TestStudentImportAPIs" name="test_get_departments" time="0.423" /><testcase classname="tests.test_student_import.TestStudentImportAPIs" name="test_get_courses" time="0.389" /><testcase classname="tests.test_student_import.TestStudentImportAPIs" name="test_import_students_from_excel_arabic_columns" time="0.462" /><testcase classname="tests.test_student_import.TestStudentImportAPIs" name="test_verify_imported_students_in_list" time="0.408" /><testcase classname="tests.test_student_import.TestStudentImportAPIs" name="test_enroll_students_in_course" time="0.401" /><testcase classname="tests.test_student_import.TestStudentImportAPIs" name="test_verify_enrollments" time="0.406" /><testcase classname="tests.test_student_import.TestStudentImportAPIs" name="test_import_students_with_course_enrollment" time="0.457" /><testcase classname="tests.test_student_import.TestStudentImportAPIs" name="test_import_without_department" time="0.491" /><testcase classname="tests.test_student_import.TestStudentImportAPIs" name="test_import_with_missing_columns" time="0.459" /><testcase classname="tests.test_student_import.TestStudentImportAPIs" name="test_cleanup_test_students" time="0.736" /></testsuite></testsuites>