<?xml version="1.0" encoding="utf-8"?><testsuites name="pytest tests"><testsuite name="pytest" errors="0" failures="0" skipped="0" tests="9" time="4.531" timestamp="2026-02-25T00:40:30.253627+00:00" hostname="agent-env-7c9db4be-9be9-455f-8e0d-93845d98f2a8"><testcase classname="tests.test_student_notification.TestStudentNotification" name="test_search_students_empty_query_returns_students" time="0.482" /><testcase classname="tests.test_student_notification.TestStudentNotification" name="test_search_students_by_name" time="0.400" /><testcase classname="tests.test_student_notification.TestStudentNotification" name="test_search_students_by_student_id" time="0.457" /><testcase classname="tests.test_student_notification.TestStudentNotification" name="test_search_students_no_auth_returns_401" time="0.462" /><testcase classname="tests.test_student_notification.TestStudentNotification" name="test_send_notification_to_student" time="0.488" /><testcase classname="tests.test_student_notification.TestStudentNotification" name="test_send_student_notification_appears_in_history" time="0.609" /><testcase classname="tests.test_student_notification.TestStudentNotification" name="test_send_student_missing_user_id_falls_back_to_all" time="0.684" /><testcase classname="tests.test_student_notification.TestStudentNotification" name="test_stats_returns_correct_counts" time="0.419" /><testcase classname="tests.test_student_notification.TestStudentNotification" name="test_history_includes_student_notifications" time="0.467" /></testsuite></testsuites>