<?xml version="1.0" encoding="utf-8"?><testsuites name="pytest tests"><testsuite name="pytest" errors="0" failures="0" skipped="0" tests="10" time="2.774" timestamp="2026-02-27T00:52:38.655959+00:00" hostname="agent-env-e38ec181-21b5-422e-ba98-d40ac815e033"><testcase classname="backend.tests.test_teacher_report_fix.TestTeacherAuth" name="test_teacher_login_success" time="0.436" /><testcase classname="backend.tests.test_teacher_report_fix.TestTeacherReportAccess" name="test_student_report_for_teacher" time="0.475" /><testcase classname="backend.tests.test_teacher_report_fix.TestTeacherReportAccess" name="test_attendance_overview_for_teacher" time="0.138" /><testcase classname="backend.tests.test_teacher_report_fix.TestTeacherReportAccess" name="test_daily_report_for_teacher" time="0.159" /><testcase classname="backend.tests.test_teacher_report_fix.TestTeacherReportAccess" name="test_absent_students_for_teacher" time="0.137" /><testcase classname="backend.tests.test_teacher_report_fix.TestAdminReportAccess" name="test_student_report_for_admin" time="0.492" /><testcase classname="backend.tests.test_teacher_report_fix.TestAdminReportAccess" name="test_attendance_overview_for_admin" time="0.109" /><testcase classname="backend.tests.test_teacher_report_fix.TestAdminReportAccess" name="test_daily_report_for_admin" time="0.133" /><testcase classname="backend.tests.test_teacher_report_fix.TestAdminReportAccess" name="test_absent_students_for_admin" time="0.132" /><testcase classname="backend.tests.test_teacher_report_fix.TestPermissionHelperFunction" name="test_teacher_permissions_returned_correctly" time="0.499" /></testsuite></testsuites>