<?xml version="1.0" encoding="utf-8"?><testsuites name="pytest tests"><testsuite name="pytest" errors="0" failures="0" skipped="0" tests="15" time="5.468" timestamp="2026-02-28T01:21:58.254743+00:00" hostname="agent-env-e38ec181-21b5-422e-ba98-d40ac815e033"><testcase classname="backend.tests.test_teacher_student_experience.TestTeacherExperience" name="test_teacher_login_success" time="0.401" /><testcase classname="backend.tests.test_teacher_student_experience.TestTeacherExperience" name="test_teacher_auth_me_returns_correct_permissions" time="0.476" /><testcase classname="backend.tests.test_teacher_student_experience.TestTeacherExperience" name="test_teacher_workload_returns_only_own_data" time="0.127" /><testcase classname="backend.tests.test_teacher_student_experience.TestTeacherExperience" name="test_teacher_courses_returns_only_their_courses" time="0.115" /><testcase classname="backend.tests.test_teacher_student_experience.TestTeacherExperience" name="test_teacher_students_returns_only_enrolled_students" time="0.106" /><testcase classname="backend.tests.test_teacher_student_experience.TestStudentExperience" name="test_student_login_success" time="0.352" /><testcase classname="backend.tests.test_teacher_student_experience.TestStudentExperience" name="test_student_me_returns_student_record" time="0.475" /><testcase classname="backend.tests.test_teacher_student_experience.TestStudentExperience" name="test_student_can_access_own_report" time="0.222" /><testcase classname="backend.tests.test_teacher_student_experience.TestStudentExperience" name="test_student_has_correct_permissions" time="0.110" /><testcase classname="backend.tests.test_teacher_student_experience.TestAdminFullAccess" name="test_admin_login_success" time="0.358" /><testcase classname="backend.tests.test_teacher_student_experience.TestAdminFullAccess" name="test_admin_can_access_all_courses" time="0.490" /><testcase classname="backend.tests.test_teacher_student_experience.TestAdminFullAccess" name="test_admin_can_access_all_students" time="0.116" /><testcase classname="backend.tests.test_teacher_student_experience.TestAdminFullAccess" name="test_admin_can_access_teacher_workload_all" time="0.122" /><testcase classname="backend.tests.test_teacher_student_experience.TestCompareTeacherVsAdmin" name="test_teacher_sees_fewer_students_than_admin" time="0.965" /><testcase classname="backend.tests.test_teacher_student_experience.TestCompareTeacherVsAdmin" name="test_teacher_sees_fewer_courses_than_admin" time="0.951" /></testsuite></testsuites>