<?xml version="1.0" encoding="utf-8"?><testsuites name="pytest tests"><testsuite name="pytest" errors="0" failures="0" skipped="1" tests="15" time="8.178" timestamp="2026-02-22T00:10:17.152462+00:00" hostname="agent-env-91f61221-3a83-48ff-8044-9a61bb6e3e1f"><testcase classname="backend.tests.test_today_features.TestAPIHealthAndAuth" name="test_01_api_health" time="0.127" /><testcase classname="backend.tests.test_today_features.TestAPIHealthAndAuth" name="test_02_admin_login" time="0.361" /><testcase classname="backend.tests.test_today_features.TestMultipleDepartmentSupport" name="test_01_get_users_returns_department_ids" time="0.471" /><testcase classname="backend.tests.test_today_features.TestMultipleDepartmentSupport" name="test_02_update_user_with_department_ids" time="1.054" /><testcase classname="backend.tests.test_today_features.TestDepartmentDashboard" name="test_01_get_department_dashboard" time="0.550" /><testcase classname="backend.tests.test_today_features.TestDepartmentDashboard" name="test_02_department_dashboard_structure" time="0.493" /><testcase classname="backend.tests.test_today_features.TestNotificationsSystem" name="test_01_get_notifications" time="0.510" /><testcase classname="backend.tests.test_today_features.TestNotificationsSystem" name="test_02_get_notifications_count" time="0.519" /><testcase classname="backend.tests.test_today_features.TestNotificationsSystem" name="test_03_mark_all_notifications_read" time="0.487" /><testcase classname="backend.tests.test_today_features.TestManualNotifications" name="test_01_send_manual_notification" time="0.659" /><testcase classname="backend.tests.test_today_features.TestManualNotifications" name="test_02_send_manual_notification_invalid_student" time="0.497" /><testcase classname="backend.tests.test_today_features.TestStudentNotifications" name="test_01_get_student_notifications" time="0.607" /><testcase classname="backend.tests.test_today_features.TestSendNotificationsPermission" name="test_01_send_notifications_in_permissions_list" time="0.491" /><testcase classname="backend.tests.test_today_features.TestSendNotificationsPermission" name="test_02_roles_list_available" time="0.506" /><testcase classname="backend.tests.test_today_features.TestMarkNotificationAsRead" name="test_01_mark_notification_as_read" time="0.796"><skipped type="pytest.skip" message="No notifications available to test mark as read">/app/backend/tests/test_today_features.py:386: No notifications available to test mark as read</skipped></testcase></testsuite></testsuites>