<?xml version="1.0" encoding="utf-8"?><testsuites name="pytest tests"><testsuite name="pytest" errors="0" failures="0" skipped="1" tests="9" time="7.302" timestamp="2026-02-26T03:46:45.077182+00:00" hostname="agent-env-a9641353-416a-4262-92dd-0ed3cc501310"><testcase classname="backend.tests.test_trash_management.TestTrashManagement" name="test_01_get_trash_items" time="0.641" /><testcase classname="backend.tests.test_trash_management.TestTrashManagement" name="test_02_safe_delete_student_adds_to_trash" time="0.994" /><testcase classname="backend.tests.test_trash_management.TestTrashManagement" name="test_03_restore_from_trash" time="0.757" /><testcase classname="backend.tests.test_trash_management.TestTrashManagement" name="test_04_safe_delete_for_permanent_delete_test" time="0.671" /><testcase classname="backend.tests.test_trash_management.TestTrashManagement" name="test_05_permanent_delete_from_trash" time="0.696" /><testcase classname="backend.tests.test_trash_management.TestTrashManagement" name="test_06_clear_all_trash" time="1.297" /><testcase classname="backend.tests.test_trash_management.TestTrashManagement" name="test_07_trash_item_not_found" time="0.645" /><testcase classname="backend.tests.test_trash_management.TestTrashManagement" name="test_08_non_admin_access_denied" time="0.532"><skipped type="pytest.skip" message="No teacher account available for access control test">/app/backend/tests/test_trash_management.py:285: No teacher account available for access control test</skipped></testcase><testcase classname="backend.tests.test_trash_management.TestTrashItemStructure" name="test_trash_item_has_all_required_fields" time="1.005" /></testsuite></testsuites>